<?xml version="1.0" encoding="UTF-8"?>
<robot generator="Robot 5.0.1 (Python 3.8.9 on darwin)" generated="20220531 01:35:59.459" rpa="false" schemaversion="3">
<suite id="s1" name="SearchFeature" source="/Users/soratorn.k/Desktop/Test_Soratorn/Robot Scripts/Testcase/SearchFeature.robot">
<test id="s1-t1" name="UI _ Verify Search Suggestions Search By Full Name" line="7">
<kw name="Open Web Browser" library="Common">
<kw name="New Browser" library="Browser">
<arg>${browser}</arg>
<arg>headless=False</arg>
<tag>BrowserControl</tag>
<tag>Setter</tag>
<doc>Create a new playwright Browser with specified options.</doc>
<msg timestamp="20220531 01:35:59.841" level="INFO">{"browser": "chromium", "headless": false, "handleSIGINT": true, "handleSIGTERM": true, "handleSIGHUP": true, "timeout": 30000.0, "devtools": false, "slowMo": 0.0, "tracesDir": "/Users/soratorn.k/Desktop/Test_Soratorn/Robot Scripts/Testcase/browser/traces/b7f17321-6220-48fc-84e4-727aedcc8c9e"}</msg>
<msg timestamp="20220531 01:36:00.135" level="INFO">Successfully created browser with options: {"browser":"chromium","headless":false,"handleSIGINT":true,"handleSIGTERM":true,"handleSIGHUP":true,"timeout":30000,"devtools":false,"slowMo":0,"tracesDir":"/Users/soratorn.k/Desktop/Test_Soratorn/Robot Scripts/Testcase/browser/traces/b7f17321-6220-48fc-84e4-727aedcc8c9e"}</msg>
<status status="PASS" starttime="20220531 01:35:59.841" endtime="20220531 01:36:00.135"/>
</kw>
<kw name="New Page" library="Browser">
<arg>${url}</arg>
<tag>BrowserControl</tag>
<tag>Setter</tag>
<doc>Open a new Page.</doc>
<msg timestamp="20220531 01:36:04.023" level="INFO">Successfully initialized new page object and opened url: http://www.officemate.co.th/en</msg>
<msg timestamp="20220531 01:36:04.023" level="INFO">No context was open. New context was automatically opened when this page is created.</msg>
<status status="PASS" starttime="20220531 01:36:00.136" endtime="20220531 01:36:04.023"/>
</kw>
<kw name="Click Close Main Popup" library="Common">
<kw name="Run Keyword And Ignore Error" library="BuiltIn">
<arg>Browser.Click</arg>
<arg>//iframe[contains(@src,"info/frame")] &gt;&gt;&gt; //*[contains(@id,"wrap-close-button-")]</arg>
<doc>Runs the given keyword with the given arguments and ignores possible error.</doc>
<kw name="Click" library="Browser">
<arg>//iframe[contains(@src,"info/frame")] &gt;&gt;&gt; //*[contains(@id,"wrap-close-button-")]</arg>
<tag>PageContent</tag>
<tag>Setter</tag>
<doc>Simulates mouse click on the element found by ``selector``.</doc>
<status status="PASS" starttime="20220531 01:36:04.024" endtime="20220531 01:36:04.273"/>
</kw>
<status status="PASS" starttime="20220531 01:36:04.024" endtime="20220531 01:36:04.273"/>
</kw>
<status status="PASS" starttime="20220531 01:36:04.023" endtime="20220531 01:36:04.273"/>
</kw>
<status status="PASS" starttime="20220531 01:35:59.840" endtime="20220531 01:36:04.273"/>
</kw>
<kw name="Input Search" library="SearchFeature">
<arg>SANDISK Flash Drive Ultra Flair USB 3.0 SDCZ73_128G_G46</arg>
<kw name="Type Text" library="Browser">
<arg>${SearchBoxtb}</arg>
<arg>${data}</arg>
<tag>PageContent</tag>
<tag>Setter</tag>
<doc>Types the given ``txt`` into the text field found by ``selector``.</doc>
<msg timestamp="20220531 01:36:04.273" level="INFO">Types the text 'SANDISK Flash Drive Ultra Flair USB 3.0 SDCZ73_128G_G46' in the given field.</msg>
<status status="PASS" starttime="20220531 01:36:04.273" endtime="20220531 01:36:04.652"/>
</kw>
<status status="PASS" starttime="20220531 01:36:04.273" endtime="20220531 01:36:04.652"/>
</kw>
<kw name="Verify Categories Suggestions Count" library="SearchFeature">
<arg>3</arg>
<kw name="Wait For Elements State" library="Browser">
<arg>${SuggestionsCategories}</arg>
<arg>visible</arg>
<tag>PageContent</tag>
<tag>Wait</tag>
<doc>Waits for the element found by ``selector`` to satisfy state option.</doc>
<msg timestamp="20220531 01:36:05.399" level="INFO">Waited for Element with selector //*[contains(@class,"suggestion_container")] at state visible</msg>
<status status="PASS" starttime="20220531 01:36:04.652" endtime="20220531 01:36:05.399"/>
</kw>
<kw name="Get Element Count" library="Browser">
<var>${result}</var>
<arg>${SuggestionsCategoriesCount}</arg>
<tag>Assertion</tag>
<tag>Getter</tag>
<tag>PageContent</tag>
<doc>Returns the count of elements found with ``selector``.</doc>
<msg timestamp="20220531 01:36:05.417" level="INFO">${result} = 3</msg>
<status status="PASS" starttime="20220531 01:36:05.399" endtime="20220531 01:36:05.417"/>
</kw>
<kw name="Should Be Equal" library="BuiltIn">
<arg>${${count}}</arg>
<arg>${result}</arg>
<doc>Fails if the given objects are unequal.</doc>
<status status="PASS" starttime="20220531 01:36:05.417" endtime="20220531 01:36:05.418"/>
</kw>
<status status="PASS" starttime="20220531 01:36:04.652" endtime="20220531 01:36:05.418"/>
</kw>
<kw name="Verify Categorie Suggestion Detail By Index" library="SearchFeature">
<arg>index=1</arg>
<arg>text=in Flash Drives</arg>
<kw name="Get Text" library="Browser">
<arg>//*[contains(@class,"suggestion_container")]//*[contains(@data-suggestion-label,"categories")][${index}]</arg>
<arg>==</arg>
<arg>${text}</arg>
<tag>Assertion</tag>
<tag>Getter</tag>
<tag>PageContent</tag>
<doc>Returns text attribute of the element found by ``selector``.</doc>
<status status="PASS" starttime="20220531 01:36:05.418" endtime="20220531 01:36:05.446"/>
</kw>
<status status="PASS" starttime="20220531 01:36:05.418" endtime="20220531 01:36:05.446"/>
</kw>
<kw name="Verify Categorie Suggestion Detail By Index" library="SearchFeature">
<arg>index=2</arg>
<arg>text=in Storage</arg>
<kw name="Get Text" library="Browser">
<arg>//*[contains(@class,"suggestion_container")]//*[contains(@data-suggestion-label,"categories")][${index}]</arg>
<arg>==</arg>
<arg>${text}</arg>
<tag>Assertion</tag>
<tag>Getter</tag>
<tag>PageContent</tag>
<doc>Returns text attribute of the element found by ``selector``.</doc>
<status status="PASS" starttime="20220531 01:36:05.446" endtime="20220531 01:36:05.453"/>
</kw>
<status status="PASS" starttime="20220531 01:36:05.446" endtime="20220531 01:36:05.453"/>
</kw>
<kw name="Verify Categorie Suggestion Detail By Index" library="SearchFeature">
<arg>index=3</arg>
<arg>text=in WORK-FROM-HOME-IT-GADGET-2022</arg>
<kw name="Get Text" library="Browser">
<arg>//*[contains(@class,"suggestion_container")]//*[contains(@data-suggestion-label,"categories")][${index}]</arg>
<arg>==</arg>
<arg>${text}</arg>
<tag>Assertion</tag>
<tag>Getter</tag>
<tag>PageContent</tag>
<doc>Returns text attribute of the element found by ``selector``.</doc>
<status status="PASS" starttime="20220531 01:36:05.454" endtime="20220531 01:36:05.460"/>
</kw>
<status status="PASS" starttime="20220531 01:36:05.453" endtime="20220531 01:36:05.460"/>
</kw>
<kw name="Verify Products Suggestions Count" library="SearchFeature">
<arg>6</arg>
<kw name="Wait For Elements State" library="Browser">
<arg>${SuggestionsProducts}</arg>
<arg>visible</arg>
<tag>PageContent</tag>
<tag>Wait</tag>
<doc>Waits for the element found by ``selector`` to satisfy state option.</doc>
<msg timestamp="20220531 01:36:05.465" level="INFO">Waited for Element with selector //*[@data-suggestion-productid][1] at state visible</msg>
<status status="PASS" starttime="20220531 01:36:05.461" endtime="20220531 01:36:05.465"/>
</kw>
<kw name="Get Element Count" library="Browser">
<var>${result}</var>
<arg>${SuggestionsProductsCount}</arg>
<tag>Assertion</tag>
<tag>Getter</tag>
<tag>PageContent</tag>
<doc>Returns the count of elements found with ``selector``.</doc>
<msg timestamp="20220531 01:36:05.467" level="INFO">${result} = 6</msg>
<status status="PASS" starttime="20220531 01:36:05.465" endtime="20220531 01:36:05.467"/>
</kw>
<kw name="Should Be Equal" library="BuiltIn">
<arg>${${count}}</arg>
<arg>${result}</arg>
<doc>Fails if the given objects are unequal.</doc>
<status status="PASS" starttime="20220531 01:36:05.467" endtime="20220531 01:36:05.468"/>
</kw>
<status status="PASS" starttime="20220531 01:36:05.460" endtime="20220531 01:36:05.468"/>
</kw>
<kw name="Verify Product Suggestion Detail By Index" library="SearchFeature">
<arg>index=1</arg>
<arg>text=SANDISK Flash Drive Ultra Flair USB 3.0 SDCZ73_128G_G46</arg>
<arg>price=฿850.00</arg>
<kw name="Get Text" library="Browser">
<arg>//*[@data-suggestion-productid][${index}]//div[@data-suggestion-label]</arg>
<arg>==</arg>
<arg>${text}</arg>
<tag>Assertion</tag>
<tag>Getter</tag>
<tag>PageContent</tag>
<doc>Returns text attribute of the element found by ``selector``.</doc>
<status status="PASS" starttime="20220531 01:36:05.468" endtime="20220531 01:36:05.474"/>
</kw>
<kw name="Get Text" library="Browser">
<arg>//*[@data-suggestion-productid][${index}]//div[@data-product-search-result]</arg>
<arg>==</arg>
<arg>${price}</arg>
<tag>Assertion</tag>
<tag>Getter</tag>
<tag>PageContent</tag>
<doc>Returns text attribute of the element found by ``selector``.</doc>
<status status="PASS" starttime="20220531 01:36:05.474" endtime="20220531 01:36:05.480"/>
</kw>
<kw name="Get Property" library="Browser">
<var>${imageSrc}</var>
<arg>//*[@data-suggestion-productid][${index}]//img</arg>
<arg>src</arg>
<tag>Assertion</tag>
<tag>Getter</tag>
<tag>PageContent</tag>
<doc>Returns the ``property`` of the element found by ``selector``.</doc>
<msg timestamp="20220531 01:36:05.486" level="INFO">${imageSrc} = https://aumento.officemate.co.th/media/catalog/product/p/w/pwb000233496_1.jpg?imwidth=320</msg>
<status status="PASS" starttime="20220531 01:36:05.481" endtime="20220531 01:36:05.486"/>
</kw>
<kw name="Verify Response 200" library="Common">
<arg>${imageSrc}</arg>
<kw name="GET" library="RequestsLibrary">
<var>${response}</var>
<arg>${url}</arg>
<arg>expected_status=200</arg>
<doc>Sends a GET request.</doc>
<msg timestamp="20220531 01:36:05.574" level="INFO">GET Request : url=https://aumento.officemate.co.th/media/catalog/product/p/w/pwb000233496_1.jpg?imwidth=320 
 path_url=/media/catalog/product/p/w/pwb000233496_1.jpg?imwidth=320 
 headers={'User-Agent': 'python-requests/2.25.1', 'Accept-Encoding': 'gzip, deflate', 'Accept': '*/*', 'Connection': 'keep-alive'} 
 body=None 
 </msg>
<msg timestamp="20220531 01:36:05.631" level="INFO">GET Response : url=https://aumento.officemate.co.th/media/catalog/product/p/w/pwb000233496_1.jpg?imwidth=320 
 status=200, reason=OK 
 headers={'Server': 'Akamai Image Server', 'Last-Modified': 'Sat, 17 Jul 2021 02:36:06 GMT', 'ETag': '"60f24216-15226"', 'Content-Type': 'image/jpeg', 'Content-Length': '13158', 'Cache-Control': 'public, max-age=1594', 'Expires': 'Mon, 30 May 2022 19:02:39 GMT', 'Date': 'Mon, 30 May 2022 18:36:05 GMT', 'Connection': 'keep-alive', 'Server-Timing': 'cdn-cache; desc=HIT, edge; dur=1'} 
 body=����JFIF,,��C		��C

��@@"��������y=5|a��ܹ�af2�&gt;�y׸y�96"��������&lt;�s'������T�}�n\���0�C�c)Q:�d�6������x��C���g����c�x=�4.&lt;nZ.����e����&amp;�X�@�"��NMK&gt;^�e���k��1Z�L��P_���t����h���C����\�Kܫ���9�۸6N�f|&amp;l�q�;��2:^���g�����}&gt;��*�޸t�:V�Z�b�Y��������s�l}�]ڍ˴E(�d��~sO�|JX�_�3�%��[%��ɘ�^�&lt;W���Nk����cu՚�&gt;�;9��9/�@O��0Fg�˖(�_�h�a�d��E=�!$(�&lt;G+6�Ǚ%/'��V���HӺ��`n�ɑ���d,а^���H����͖_v*�'��smG\���W���톱��&amp;�x���{���+���8�Bj����_����U}�}�ƙ�y��';�`���B]��q�;l�}�rw��]����3Ԙ�f��zjS�lќ�5	��P���l�~O&amp;�l�j/�Q������J�g��G&amp;ݩ����X��X4[���rjs�e�1rjp�o��eN���uͳ�	��T�Ɖ�|?,���~�+�1�r��1�+e��H����B��5������[��]�p~qֿPq��u��Y�����X�+�A��m�R�����_9�������yL����K���k9����,0@!" 1Pp#$A���r��5�C�\ߖf(9&gt;T�=J��P(��'bo���ۼ��e�oOeC�``!%j�u�j�r�r
�Q��k�r�ܫ|���������IJi�����y�W4
���9W��oR2|�'�g���ɋ�����bh�����4fsK'�p&amp;Ua)�q�qX"�
��\(fo������1q}/ܳ&gt;�"��sV޽�)p�oj��zT!��	�S��7��7%��G��&amp;D�[FQ�ʸ�Ck���S̓����:�-���pWv��?�kgCd5s������:�f��K�=�q��,���d"&lt;����fkp������+�N�����x�լ�3o�r'b��E��5k�����a��ʋ���[�t��wb��c���&lt;
9i�����ԍ�le	�i��Z�܂�nrH�"�v[v�U�E�_��m��fh���9l�(B[0���ÿ�tN�$��Z4��Z'kX���C�=9�Cʝ�\S?�쟟��:y�[Nޔ؜~�egT΅t��[5�Ɲة�.O:$I��uv�5��֞��U?o��^
�K$��C#��hc�Yb�N�L������̡j��\z��}/2�A��~��X�&amp;�S�8�$h�Ƽ5��\��V΋V����*����	ķ�~�(�[�=��_���pB�כ���CB�&gt;�SmkU�]
iק'DJ��A�䳪ue�$׫�L��B�~]���\^�ܵ`����Dl�y���I
�7��nY�b�j��y�t(IN�S��1:wF�gZ
J��f��4Z,d�"��Ӻ�.�Jd %���V,�d���Ιיh�צ^���9{.&lt;������ġ[;�*P��**Չ���ғ���ʳ��з��}l����A�Ē�t)��ՋPVX�Z�f�{���^�v��	&amp;�v��N�kb�ѻf��Ds���[�#��f���c�ǫ�j�AYZ�5�EВ@����t43���mKgLFt^�q�k�ښP�=�HF��T�p�fk��� �I��\A�ǡv�(���[BH1 @�3�u,QH���'ʭ퇵��v�5��ť�gBHȦ��EQ��?~g�hmKư3�a���Gs�����fg@�кbLHI�$��.�L�F�&lt;��Z�v'�r D]/I��|CEǵ�O6=��z$.�кBH]3�t.�кB�v�����;�#���I5x��h�Íq��8��Ƌ�康��$�,��S:gB��B�]�tΘ�#�{T�{&lt;�ڱ��K1Ie��"�W�I���EE˱�g�IV��FL�2L�]3�t.��bL��M�XZ��.0E*���`tc��&lt;wCjN7�������2�9hJA[pJ3d�P�B�:L���w�^���h���smQ���$rqn��8��1�nX�)�Yn�➾�چZӲgB��t.�Ԗ|�E�-&lt;�.0��z��Ij�7��\k�����DǑcC=m��LLΩފ�7�KRVB�]2gO �ЯsMQj�(XO9l&gt;�-x�9Ym��r���s_�M�{ю�OE�3�u�;�[.(z�P�0�2��̙����P�oJ�FC P�%2�^3�Ʌ��Z�T����iKa�V�������r&lt;���z�KZZ���^���ffQ�P�aM�o�n�v#��&gt;�I�s�i�F��J�W�3F��p�.=�`R�ߏ���C.4/-J�W�7��!@!"AB`p��?��:�&lt;\n"^-��o�X���#�ͽb�i�h�mH�X"�L��!"1@B`ap��?��O��J�Y�0�w'�f�c�*{z�fZ�T��tu�4A��R�&gt;��8T&lt;3��D!12AQ"BRaq� #0@r��3S�$b���CPTp���s�����?�Yo&amp;�+Fm����}#�VŠ���x�t�q�x�����|j�oy7M�L���u��l�#쎊��h�(&lt;+&amp;s�֒-,M�\����.���!���Iw5�$G7d��&gt;7�ɊS��*��Gf�5{�G��Z�����Z�Y!�vԇ%_Emv�d��x�8&lt;8�i��ͮ����*�ʅ��&amp;}I~Ɗ�DP�t��P�[[������?��"Ƌ���9(a]����ŋ����d��a�~�mf�W�B{F(�9�֓�P��u*󽻑�&amp;���M��Q\F�h����2&lt;W�:�sR�ߊ�G�c���:�r_�֒�5�lƹ*�
������Í]w�.ih�Q���.����H-���uީ�*\o���ި�݊��L�6����a�������f��Y����)鷉�G�����n�?)h�����Yn�9�W5օ��zY8x�t`�����96Z��P���G�sY�YW��!f ��0�P���`xq�-�G�W�6dЖ݊�c��U��B��v�&gt;�u��TY�o|�oS���y/���l�1�F���.�Wy��2�Ӱ�~UuY��_��wJ��#�
m*�w��g�ƿe����&gt;��%�kG���w6^�|�*/�V�+�q�,pK�;�i�tc�WyZ�.���4���d|k�_�F�GFο����Zi�X�u���%��a��G�`�d�iN�5	yT�?���G�w�DP��C�:��eG�Ư��Nأ��s�2i�p�i_�E����Ĺ9��T"]���,n=����������jv~c����oeH���_f���t��y֎���[7��ʖ����֒\F�UFlxP2.�o��_I3�_�Z(ђ[x�ib�f�9�V��a?�.i:��(��b=b��Gm�ER�/�C����3��Xӿ�1��Y�;��*�Y"�v�uW�Жk���a�_ꗑ���N�L,��3=/箽ߓ+�E7��	X-hua�+V��M�Z���Y�n_�#o�P��o��B��B���D؉6W��E��@�?(4��I+c�=���ơUE��|p�d#������q�Z�(�CIk�H�S!քPF�ƺ�G�֛E��p�;:.���{��ţ~=�V~Q��Z���{C���]���x���N��&amp;p�7�1Yo�&gt;�Y��
-h�8f�|��&lt;8�i$r��L��]���o�R��x����^��車�8�*���q1���v�گ�3����}B� �!�\ݼ���V�'|U�V����g��K?&amp;����Zkt6w��6|��ޡOě����±���Tj_
��K����r��l�u0����)&gt;c���W��W'����YB��K1��7�E
�.n��v��*�[-˸z��}�wx�[!�	4�/���輤4R�\��)�H�W��=V�W���ю�|i��h�p��ws���Q�6�G�������ZY��q��Û:�Ke����ڕimv�3�7vb�����I\*�5��z'ky���&amp;H��3_�0�s��1%��f����5蜤�c�E��^Om2I�C�x�Z-(�2-ߺ&lt;=\'�M�%��%��#e�ѐ�۞M���i���ȭ����I&lt;�]�	��o�v�^5���u�nv����7K/�+�X��=\�����4���l$�Ɨ�
����tk�wT�X�����_z[������F�q�U��^G�����'^�|�f~_:��c�X֒߯�fS����ț�J��s,0��H��U�Kj囝��0�&gt;n&gt;*����;D�x�p�\��8�13�,��^MGY��
���%�������YP2^��5�b�=�3X���K*�ڑ�V��5�|����K1�}O`�8�N�?N5u�1JGNg�o/y���o����:����]�����w��,p3�aVg��[�#�{V���t#���D����U�Ki�f����H��.
��=�{�tk���8wF�}��qI3�D��P�he�C�,Q�7&lt;�e�Ag8ׇ{�7�Lҝ�G���1�GNg�&gt;^��'����$��c�n��9f:������)ɋ��k�d&gt;^4��bzU��-�L�$3NrR�{����̞5�
�Iܪ��im&lt;���,�r�#��hW �.�[�z4��&amp;�qG�yw�Y:��w{�
+M;�B���j���8�b����B;��6aL�������{���|)���ҝ�G�Ʈ�G�S�3�7��ZPxI�ʖkh�xQ��x��Բ���(�U��A���9d��?afV�_�M$G���-�J���YO]��ޏ���������+��Q}_-��X�����ڂF�Ur���i$I�����֤�&amp;�ՐwPxث.�7P��Vh$ۤ�4a�0��"����cMt-&lt;�&amp;6֖D���Ad�0�S/�XT\���HnU��[�9���JZD����~��]f��t�}���2�/�H����;�%��&gt;�~=ǿ�X�OP�9��a|���޶&amp;7
�agS�ڌ&lt;�'?�jz�12Hu�s���4�NT�,���q����D������0�ç�"b��ǭ�u}��mK��6���Bh�K��0��S�����Yz�d�����q�R��9�����љ�U���-�sT�X�%��}�޾Ux7�"�q6�g}zM���]�W�ʱ'���s?ڌ&lt;��i}f�f�u�k�tS�j��;��߲��kE�Dv��}Y投*˓�kZ��|F�n���pٮ���A��p��xV;Fg�W�����w��0��ƍ���eּ{����=�)�5r��������2�p�9WiKg���NF!���*	'p�v��gw�-�^B��g��?�?��+!1AQaq�����@��0�� Pp��?!���� �`#��:�� Y����Z�
h/�K��� ��1�rM��00h��if���-A9;�C�N��9fQ�S@��x��,0Კ:~���dx!�hܾ�����J$&lt;�\Ϝh�hh'���	���d09ϰ�r�\�=c� �H�Oz*JK�N5�~�B�%)h�,_��	!����г[󠟪��v��'�`�މ=?u�@��dJ{S�opN��ð�� �I����z���!�n
M����"GF�����M�F�[����W=��nO����"&amp;��U�U����uM�؎��U�J@�04: C�����w@�c��&lt;��k@=	4��;�&gt;ٟ�BK��L�&gt;�6�(�f5Ԫ�x�n� ��x�D�(lH�D+I��!"7���z�E;z�p �r���(�3��h��0(:��߭7Qg63̋?�Dp@I�[�2�"�YM�#�t{dP��ʝ�y�㸨�KK�p�@hb�]9I�.Y`f�?Of��5�`�l&lt;�Ɖ��Z�Z�ƙåݪz���Q|F2����e'jf�'6*HH�h:(,0�Hؙ��7��)̡&gt;�ŀG�y���g�F�N0&lt;�i��:6��!g�oi�"��3��&gt;J%Uc腄n�J!���5��w#��Z���|"�U�:70�k��QZGT�Y"a��0F]�s94M%:��&gt;�xM1�]����je	*_�R5��f�S�@��ˀԠa�n�h{
!��V(�Gq�0d�ye�d��&amp;)G�p�x�΁CJaߠ�Ij!�]0�2�i�2�y�;{����:OR�!�85"�ꎉrR�Stv���&amp;v@ܔ,	��.C��["7&lt;�M�B,3%^ƽSt��0a�T�Ն	m�T�˲;��ׁ�ж�'��\���	�9������Q�\!ro�$�)۩��6�;��@?0����D�;�)C���eT`�B��ܰĹ�M�@k�N7��=4 ��N�J��Q�="UG�X�X�?�8���R���ß��z�9���A$�����ԡ`���rh*����Rؑ�E3���RH�@�r�]Qެ��Q&lt;�N�H��^Y(Y��\�)@!���֔5�l(	jA�)�T/�A/�4#���06�j�����1��Q�HE�EO��E�@4C��4?I�����3~W�k���H`P�ʰ=�+
iP��0o��U���Q�D�e��z N�b�w�hT��)g0$M��!c�h6���}��}5u�t]7S�r��dx
`(0V,�N89�)��ԨZ�m&amp;����!#�tD�X�w$��Q'�� ,|�����B- b�5SFS#�g4�G#iK���c΃z���6W��Q���*U��N�f�����u2�0�� ��;�4�@�$��"��.虀�gς��8�`y��XgN���."+��O#Ф���Z:^&amp;��a�01��;�1��ܓ��D��*5ǽ鉙(��$���Ԣ6�CM�79�K�RP䥓qm����f8��	���h@1�&amp;P���F�a��`�ۦ��E\8s�|z�#'��i�ɵ�
�wdk�k�&amp;�ɋ@�[�h�2� 8�#_�Vl5L�][S��ɘ&lt;k� ��ͻ��B� Qv�:!!�MED&gt;	�&amp;���,��K��X5bE@C�f�zM���	i䠯��J@���ܧI��n�`vv���1� 0@�J$���&amp;����\.�j�@�����ωJ$A�Y��c�5Tc+���j��� U�.*R�u����ݰ�D6�6�jl��N}��� ]DÄ�}1���@]�^�dx��+�X��e\)ʨ�!����g-�C&amp;c1m.V�eɿ���bX)$�%��tH�Ip@g@��$6+������ĽA@A	���#}�����b�5S�&gt;�c�]z&amp;J�@��j��E�V��A���ނ��1�\��.��� �d@�njJ�Y��l_��b��*%�'��j��#Fȟ��+���}64����!�@��h�T����.�,x+B����Q��|&amp;������n�vpWdjPV�8`b��G����������1%�?����u�k+�z\Ux�������{�e�k&amp;�l�æX�S}�L��I�H��*ω��`'�tUg�E\�h�A0�R��LW�tQb}9���ֺ1%8h�uAʒI���VC���C�Q�]X̼&amp;Bf8�{b1AFl�4FR�^V�hKpA�P����O�g9SB�&lt;�'��=�#�M4C܄.�ջ!�����jJcf�Po� ��B�'C��͇?F�Y��t�j)���6�@����B0�"�9d_���ʮگ�	E�FWt�JI�j枺��!^NC.��@"f�``F�Ұ	)��A�P����j�lD��:�OU�%�8@��L��U�U�DOd3��jU���XBѰ%1�lh�(0�B��bѝc��T}W����	� L$DPH U#F�S���(r��a��
x1JB��&lt;M 8q���,S�0�L,���0����pr�I�_ML�
0 �0�d��4�җ� ,����1@`�!APQ���?Ǘ�/:�@�'���S�����Gp�F��0n�W@a���$!@1Q�A�`pq������?����� ��_�S�{0�(��&lt;в�R#-�Ϫ�����.a�5��h������+!1AQaq��@������0Pp� ��?��CDC��\VK����j,"=�J��#և*c��l%p���	L'�}�䌏������\/NB�n��h�E+A�O4�x��Q*�ń�"����h�@4�I��ɹ��&lt;Q��0&lt;k�M�0g�y�^���W+{�w�&gt;2W1�qQ.��[U��
Ƈ[T(ni;{@��߭�A�A��z��%�ur�x͂&lt;��I�j40�=�T@�7G�*Gl=���u�v(���&lt;�ѧ�uFIL:�F�����K���ۏ��L��h&lt;�Ω���є6ʬ�o�PV:_���������6��&amp;��E ����V�w��!D⏳��	�+�dE���$#���VI��s(I*3+P���A�N-`-M)���ӑ�X?	���}R�i�b�z�"��	��)��n#�ez����5�����	f����(X���ń0`�.�YГ�L����X�2d�3��V�iv�,+Nﱴ(tH�#�_z/z&lt;&gt;n�� wC�����(�:�@��-�:'���~��j�eP@�%Ja��˶N���Z��R��^O�)�@�} }(���i��ȉZjCOF��_�wm&gt;1*[m�劘p���
b�Jp�Â
	 ��6Ne�j,�e�	�(���?4�43���^��2Q`����jA��7��Ĳ��4qT^�b�U^�a�L�9R�0�e�*�k�%�:7Y?G�ǰR_IZ�2㤀��|��3��Kj&gt;Ji"���a������,�oiG������O%Q��*�X$�i�.�o�S]���FT����������H�00y�B�K�U��ܚ�fi�P���(~4D'2�U�r��A��r��� =Z���^xs����݇ޮj!4��zg��~jpwI-ুf���`�̽��9WP��\�	��+�=��	w.=ja$G6��֜�13�TCi���y��1�n�qP_����en�u�&lt;�o�֡J���L��m�u��	���]�
���;����)�Z%=^`3A��q�2��/%Y%�ւ���(g��ʶ���F�K���uy��8�1�n�	5^}��I�Ɋ�� `Q�H�L�^���x �m���K�r�F��c����ꮶ����yP(Н'�	bJ0���M?�o�L����U3��Z�ģ��Lp��_�������#&gt;6�jr���cb�o��;hs��m��,4\��&amp;N.�{z��ϥ-�H,ȳl1�������Y���jw�;����������+���H?z�N�R^K��MOf�V�-��R���5q��K��ҧ9�pZ�u�b饅��X�
)nP^Zw�e�
��S�v�jˣO�r�꯸@m�,��;�~b�Y ��Kŝ�W-��8���L5��p��$����_��D���X 9JM7NF���... (set the log level to DEBUG or TRACE to see the full content) 
 </msg>
<msg timestamp="20220531 01:36:05.631" level="INFO">${response} = &lt;Response [200]&gt;</msg>
<status status="PASS" starttime="20220531 01:36:05.486" endtime="20220531 01:36:05.631"/>
</kw>
<status status="PASS" starttime="20220531 01:36:05.486" endtime="20220531 01:36:05.632"/>
</kw>
<status status="PASS" starttime="20220531 01:36:05.468" endtime="20220531 01:36:05.632"/>
</kw>
<kw name="Verify Product Suggestion Detail By Index" library="SearchFeature">
<arg>index=2</arg>
<arg>text=SanDisk USB Drive Ultra Flair 32GB USB 3.0 Silver (SDCZ73_032G_G46B)</arg>
<arg>price=฿169.00</arg>
<kw name="Get Text" library="Browser">
<arg>//*[@data-suggestion-productid][${index}]//div[@data-suggestion-label]</arg>
<arg>==</arg>
<arg>${text}</arg>
<tag>Assertion</tag>
<tag>Getter</tag>
<tag>PageContent</tag>
<doc>Returns text attribute of the element found by ``selector``.</doc>
<status status="PASS" starttime="20220531 01:36:05.632" endtime="20220531 01:36:05.638"/>
</kw>
<kw name="Get Text" library="Browser">
<arg>//*[@data-suggestion-productid][${index}]//div[@data-product-search-result]</arg>
<arg>==</arg>
<arg>${price}</arg>
<tag>Assertion</tag>
<tag>Getter</tag>
<tag>PageContent</tag>
<doc>Returns text attribute of the element found by ``selector``.</doc>
<status status="PASS" starttime="20220531 01:36:05.638" endtime="20220531 01:36:05.646"/>
</kw>
<kw name="Get Property" library="Browser">
<var>${imageSrc}</var>
<arg>//*[@data-suggestion-productid][${index}]//img</arg>
<arg>src</arg>
<tag>Assertion</tag>
<tag>Getter</tag>
<tag>PageContent</tag>
<doc>Returns the ``property`` of the element found by ``selector``.</doc>
<msg timestamp="20220531 01:36:05.650" level="INFO">${imageSrc} = https://aumento.officemate.co.th/media/catalog/product/y/0/y070200.jpg?imwidth=320</msg>
<status status="PASS" starttime="20220531 01:36:05.646" endtime="20220531 01:36:05.650"/>
</kw>
<kw name="Verify Response 200" library="Common">
<arg>${imageSrc}</arg>
<kw name="GET" library="RequestsLibrary">
<var>${response}</var>
<arg>${url}</arg>
<arg>expected_status=200</arg>
<doc>Sends a GET request.</doc>
<msg timestamp="20220531 01:36:05.694" level="INFO">GET Request : url=https://aumento.officemate.co.th/media/catalog/product/y/0/y070200.jpg?imwidth=320 
 path_url=/media/catalog/product/y/0/y070200.jpg?imwidth=320 
 headers={'User-Agent': 'python-requests/2.25.1', 'Accept-Encoding': 'gzip, deflate', 'Accept': '*/*', 'Connection': 'keep-alive'} 
 body=None 
 </msg>
<msg timestamp="20220531 01:36:05.748" level="INFO">GET Response : url=https://aumento.officemate.co.th/media/catalog/product/y/0/y070200.jpg?imwidth=320 
 status=200, reason=OK 
 headers={'Server': 'Akamai Image Server', 'Last-Modified': 'Thu, 06 Jan 2022 10:41:26 GMT', 'ETag': '"61d6c756-18fb1"', 'Content-Type': 'image/jpeg', 'Content-Length': '14333', 'Cache-Control': 'public, max-age=1594', 'Expires': 'Mon, 30 May 2022 19:02:39 GMT', 'Date': 'Mon, 30 May 2022 18:36:05 GMT', 'Connection': 'keep-alive', 'Server-Timing': 'cdn-cache; desc=HIT, edge; dur=1'} 
 body=����JFIF��C		��C

��@@"�������� ��rw��ǐf��'�Um��@��������F&gt;�'��������ʻ�]��z{-������9�H��f�w#���6k��8V�fw�9�M�e��M�̻ͫ��w�_����&lt;�c��L{9���Y��܍���ee��U����~�눚��_��4湍��~O��'��$ .��f7\-y�W����ub������GC��j�rg���v�wG[����m�+�O6��1���}̘�0$"@\O;�����̯�ׇ"�:C�r�d֔Q�)�F�S��9/Z�}��}w��ѳ6��|��3葏p"@9�m���+÷s3��¶�M�g�_�O�EX=j��T�ܤ�;
�G����o�6[��]N�by��D��@�o���N����}�Ǘ����{�����[F%��4JSe"Ŝ�R"�)��~Ym;m6��-�7�=`�&amp;$D��dy�u���8���7�-ڮ��TQ�Z�v��	L���,����~��x��#�6պ�k�^a7:,�ꤥ"������E�u[LJG/��.���\�%%v�'f�[�:���f����D�UIEt�(���U�)�5�f���F��\�%%vs�2k�i�W4�-�4�&amp;
*R!������|z�dӛG�W&amp;�C��o��o��W%����ٻly�'Ц���b
U�" �k���4��k�i)�H[�������}�G��=US�qM5���f�-�W�h��?�;�=��P�d���WO���d(�����C�����&gt;o�5��򽒌���鉥$��\�"G�y/��3��=;�׃U���f���3"@�vG�����q3
�H?��+!@ "1#APp$3����N��&amp;j����WA�9�Ț�#�Da�j]_[imn�LD^22��H�dCM�=d�͍���B����l�8�=���;��m�eu�G03b=S6���-=��)U5&gt;�|�b�?F?�T�� �6�(�!0J(%x�S%U"?��rɥ�l&amp;G�R�).u��:Q�eȰ�����M�g�i( �7GeХ�Q⹲�L��'��n�V��U��ˍ8�}�H�,c�C���3I�^�ƿ�ֵxX��JW�[x��S4Xg��� t���m��&amp;0L��]�d�����&amp;��{��wR�"��,��05.�,�\�U`�4�-���^ȕ�O61�c2��i���Fo^�o�8:5T�.:��Ĺ��\�I6G�F�Ȓ����n1�!+*�]�?���|H�����&gt;KA�'���W⅒�i&amp;j+�k2A�K�y�g��10���x��g����)i$zV&lt;�7I2}IQ���ah"�/sX�E��L\\��L�8Q���H�Ҕ����.���N�i-��}�ܙi5J��3����N�lfǅ��E��I��������߸�&amp;.q���Hױ�g	�{Jږ:Qj�O��=k&amp;�D�Q~�9Q���
/x�$��֊o���LE�H��ck���=��9Q�'��oU������Ȟ�[�dI}��S&amp;�	�V,p���M�'TO���3R[�@�j����-\OS[ǧ���;9qt��m4簬�&gt;�V��G6IK�#x�ۥQ��a/�F.&amp;Ҍ8⽸y��tԋ3��������ef�ַ,f�#!ÕjV�b~g��C��W�Y�4������;Nr�cK��6�~�#�3��~֖mVU+�R+���p�5x�UC؜�'�."v���خy��(�"p���yW?��6q����5��W.��;c�b5�`��u}�d�.��c̺z����&amp;1$`{˙��*�������.Яrn��u
)j��J����� ���$��&amp;�# @�h���u�'g;�xB�܊�T��ֳR_�J�M5=p+��E�)N\L��A�U7N����	S���H���o̒a7��.��O���(&lt;;$��W#["Q����r��q~)�+ҋ��e��A�e6]ԝ#��A��xG�+X� ��e��G�
������.������bKl�;M+���f�-�Ȭ�;�C�Y�Uc��lr�51��n�j��t�+�j�jH&lt;"�B���9�1˲�Q;í�O�=��c�;R�B7�~�'}�a��t(��DDO���i���Ҳ}��o�U�bW�H�c|�`��#iI^����ȿ�;g�*E�c|�7�z�a������x�&amp;.�#�T"F'��������B������}�EW8lF'�t庖/��_a�§l\\j*�(���k|��kԫrr�#�Tl�W:TDO�2�މci�og����(���q����Ҧ��-�Y�� ��O����+!10@"AQ P2Baq���?���Cb��+�լ��#�h�B漧Q�Z}S�s�#�k�S̱��И��ACN�*X..+�ҟ�z�6l�.�D-�P�d��qP��J/���c�Gp�4dix⤚ވ��6�o�N|%��9/Z9|��:W�����O�fOJqPi�,����R)58�Fiݍ��B�is��ݚ��[��&amp;���R"���f�qQ�&amp;���_�a�*Z���(�Q���K.���ͽ��P�]�)R���[�~{'���D�O=�r��H�GFU%��6��mn��-ә|�qHۖ���7%�+E&amp;6�v�-ᗴ��s�V��3ّzT
q�O��)!01@"AQq Pa��?�i�q����2���*�4��46�e�A�TF]���rҰ=�5��B����M������`�de�i��K�)O�:���*�ør��T-�EE��%c�j5y��O$��Fw�����������OSK�go589��NGI]jkn����I�bR0:�r�'���&amp;��,�(L&amp;�'�|�`��������=�Wbt�3�Ƴ۲��s�;$�sG���d����g-ד�u[�[�DM��'&lt;�+���?R�(�Og�l�o��:p��ك��N�#ߴ�ˀj�If	D{]�����E
!1AQq "2@Ba#R�������r�$03P�4Sbcp��Cd�����?�E�e�;я]��&gt;���%c�Ey�[�aσ��#��xsND�.���T�F�x��������4��uk�a�&amp;*��]�����;6�]�(M	�5i���R�z�g'D�l,���.��
�d�����s��s�X�_��G�Ǐ}Q������T�s�ÿ��z�5��:��e%�#/u�7�Mh��=ٹ�bVU46�v���M	��u.�]�T��#�?ɐՎ�"�״��9���ּ�C�,�g���õ�20{ц*�f�u�&amp;
�|
s�&gt;��94fU#n�;5[F0��$��A��,Ǎ��Ga~'SҨF	�}�6��c����^�[ �:��2�g��&gt;rr:1�r�Z_{���X��Y.�}g%q���I&amp;������*���G���a�T��j8�S3�`���{4�_�Xm_����g�=���͠�9�q$��㚠U�t�M�:,�WX&gt;eR1F���A]��y�8�Vh�
9�k��̖�5ow�`Vvk���gM&lt;��nd���Y���?%��ި���B�w5m'&amp;�M]�T�!-��g���H1�h�9~�st�D�O��)�ʹ���S��JfG.���e�3��Ԍf�zgtGR1�~��zOb�1�Zj�~P/h����̡-���A�~|�Bl�)���c��H�級�HY�r��:���h#^iò:=$�_E�~I��!{������m%u�ބCO��*��90*F*��y���Fq�O��&gt;�GGex�M�Md�ZH?�k/{��S!nLm;s�$�����k.�ỏ-	^��L[y�����
B{M[c{�c����tN��Ig{z��l�1����VYon�5:lMEW�ч�،։.�7���c^&lt;�)|g�����׊��'�%�4iƟ�]�&lt;S-�2��#��2�j�ú7��Y�gy�7?�9��?]��-�.~�ѣ�W�i�X�
��d��.�)���]�p�w[�[;3v��C�j�N�c�����-��ڟ�4���NAy-���%:-[8�ؽ�7ó��j�y���N�H�5�Ƥ�Pߙ]c^+�G��n�2[*U�&amp;֪+	����8�Zl��
�&gt;l�e���&lt;�MKU�2�$uַJdo4��걧7�z�+6�(Age7����&amp;�=�����&gt;	�,�|=�Og�5^z�#��ha`��ĕ��2�C�8��t�=iO��\-��"P��,9oh��R�*z*��m$8i��Wi�V!�x��*��g�P��Ga.{�@̕�F��PvB��:�P�N�/ѫ�-.���f܌{�c�2�MI�胈�5,&amp;=)�`�苋�?�ѣp^[;H���uA�hkF@v�9�Z3r�.�V��&lt;�(:Roܼ��"q�E�⩀hɣ!�Ó�DZ�S�Ы�Z��_�9.2�����~H��ou�sw��-��c��v�b���od���s&lt;��4y%��7���m%����b���aɂp��.�68�џT:�.5�e�z�SA���،vSF�/�~kM���[8E�Fg@�Vl^z�jW��bi�\(�(9��au�2t�N`\�}�t��4�&amp;I\Ѫ�Ad&gt;���������V���agf�6����/��-��׬yK�h��IF��}C~�� @��#����v�I���[I�Hꁓ8r�l�9Nh���N��"/�������t���Я�S��N��72Q��X����_��c�3�܄P����a���jtg����vn9�B\hey-���]���-��誒�T�U���ܨ��f��\�j�A�1���-"�U�_��1�h��[qs���['�
K������ݠ[++s�I��������hv��FT���Wh�&gt;����sC�
�C!}�V�dsyƂ3�P�� �������6�i���R*.k��42&amp;�9��b��U6��\�U��;��üF�4�������d�ھ���x�UQ��T��8�����Uy�os~�KLqVyz��{�}�?r��c�G��
+[{�����5c����Ùu������;9�-t�rO�~F�ڶ$����:}�s��g����G56s6㑆^�n1���5�&gt;n4�^^�Zt&lt;�s+�jˀ�d&amp;Zcmh]OLe���w�r_�|ڪ�ᆃz���@޹��p�n��9�	��~a��X�y�x�8���R�ɼ��o�Gj����L]I��eѪ�}��*�P�W��{��swd������?)XrP*���"qp�i��)"is�������?b�j]�����)��E@��䟵Y��zcZ.�&gt;p��ܸj��m��ژ�״�^?�[��+!1AQaq������@���P0` ��?!�׿�Ā�v��hf���t[���R���.�v/{� t�v���ђ�3oX���\��	#ϊ�O�0jZ�G҅	�=]B����P
�dw�Z �aȾ@�DE�����j��
g��	�Ú~�R� ���Ȋ^��( `B&gt;Y���
g������M�Z��
2��"��H~&amp;�Ggh�
|xA��� n^�U����=�T���K�����o�R�)������8A��Kr�`&lt;"D��[��\�Ie�B��&amp;%��q��	Fֈ�&lt;�U��9mQ�OF@�6q{s���V�v#g�0���300JvV D�]6�F�"�9N����wS�L͐կ$�#�4=?"v�Y����+��B8�x"����ޯ��āT#VO6��JL%�S6�'ns�u�����7Sn̝T&gt;�U�M����9�����}"g�N�z!�p�Ĺ
$�lĎ�-��p5ˀ�V�?�*ߑ@ x6�H��z�:&amp;^����Y�E']��+�b�	� ���N�����S�����WQy�B�����!�PX^��Be��p��G�	��
t�SA��nQ���Y�ꟻZeT��Ԡ�;�T�5Xx�&amp;8�Oo��[,�o��(9"�r-���L�?��&lt;]���S�'�"�A�
�A �t�d���ʜ�p�Ǯ��h��X&gt;�A�Su��o�VB�5D�*�p,&lt;"̀�PsLμ�nȸ�u#�E�RHP`����0����sa����Z��9H)�c8�S����t{�����(�GMyeR�S���Q�H	�)�PȲ����4YY�#���O!G��������G+�ƧNA�C��p\��D�c�҃�4%���N�T�~��\T:�#c��mB���l�h��w�2��Ju��A9�ɖ�8F�T�ݢMJ-�B�Jz&amp;�HR�W:?ō�SS���&lt;)Xf�7B��!��33X��T$�1by��Ύh��6H˽�7���&lt;8 ��`:�"'�U,��(3��R�n��D0n��$�b��aseE��@�
GD�3P~��&gt;���wr���@-!)%�c|�ML�� �b��U8�m=m����2�,�(��@�R��`x�5)���rV��MoJ�T?:74v���,,�T6.Xn�m�\��?��ɐ�%�OݠGRf�A
sQ�'�=В�m��Ȋ0�tB�'x�H��p`�d,�(=�d*7C�L�
�p��&gt;o�A� vdGUn`ˀ�M�L}C��À��0��Q�`Z�ZvR.�f�VR��:��O�f��{�I+�&gt;�g9�'x	LU]��duMTF�@@�n�Cdi�(J�d���5��̓`����3a�J7f������-@&gt;�D�&amp;C̀Nw���GD��2&lt;�|a'���X��P8��S=L!	 v�&amp;���[AH7!�rI5�CO�5�@}EG�0��m���eԯ� �|����}�Q*n0�����:�N���8�ǔ���f{"�%`%8�
���vV	�B$Z�|cF@M��%�~�u^^�|'h0�r��t��7M������t����u@�#�����&amp;N�J`�Aj�}���C��`�	��D*�I�W� 8'�Ѹ*_u'zc(��H�yr�r��#��%�''��/j��@&gt;���=�	�p�P@І0���0Ā�ɉ�(��M��ЮID���+H@�~��aݑ %��*���+c�G�EM��6C���h4C���`j�ԥu�g��%&gt;';/9�P��h/�L��z�J$�F�@�닄@ą&amp;�NN]�Y@!UΉ��\��H@�[�t Y,�s�Y���:9�_�k�B�#��Y����Q�$�mGg@�&amp;�E�����Y�0�+J:#�j)�&amp;.��,�d�T߬9'�^��{�	p�L�'c` �ҽI' �Q�倦�M�J��E��U����| Ii�Qgg���R�v�P��x�� 9��AK�KlD�A�p YŇ�|!�vp��œ� �f]�����ܟh2Հ��Xt_WM��� ��A&amp;�Y�G�묬���F���C��������H|:2�g��%�	�g��~���k�q�הIx�n�t�P��̧�	����L�!,A���'��_hA��&gt;+��)���#��'I����8��(E�,�E��M�4K�-E��Ӥ�0�5�� 0%h�V?=y�%��U������4������ ?e���8�1x�T]��)�^����2�jsﯸx���FN�eW1jQ���9�BޅX���0�=F��{�v�p2P=B��u�ci}l4�˚�,hH�|؞����T?UerȝЁ���J%ˌu�5BT`h������]Q�@��\p?J6=~a	���E:S`�\�^a6��&amp;��jMO΍Ug-��bd[�!Ѻ����@�����M��06烆R�r�솬=�!K��8�h�\]6���Ԙ&gt;�`?�*lj2��!PdP@�8GL�F;&lt;��,�3�4 jǿ��W��J	�� `�7.�$�&lt;D���2�OY������4�~W�`@Z8@o�����}���;� ��� ��'O(䊞���I2L��2 
��7�@ŀH�("�y�`a�жL�H�$�A�K�]�@�4�D�N�cH(�����8T��x=[J@#�@��*!1A0Qa�� q�����@��P��?���vo�.�5��Z���t���j���Y[i�
�9B�N��A2Ì��]�c�������B����ȅ�+R�8z�@��^��*0{��/�6o��٭A�����;�%��.����9�'�&gt;5�p5H��xjW��&gt;n\+~�܉h�_Z�e)j���,��F��i��*6��k�1��hs��=��:F@�Ϯ��z���V^��^�t%�-^|a��a����8դ(�a�8+r?n�X.&amp;��s�(�{P�ٛ~�1?o�(a��}��s%�l�]���Y�ص�6
�O���YB6$��KS{b@l������ݸ�\��X���� #�t]o�,�_�`c��E� ���O��*!1A0Q�@aq��� P�������?��W7���qj=�u��"\�u�!&gt;��r�L�X�8��.�͕��q��ЗQ�-�F�xB��ED�u�IP���\g�}�����PS�8o���~`��;g�\��(ϳo��[W[��p��8 4�%�޺�&amp;9=����yC��A����7�@�s��ˋ�o�h/�x�lD�&lt;��9,W�w��{��GW����^��}��k�	}�'��C����V���%����� �u�198�h��v�h��T4^�LhUZ�p0b+xfr�]x�e��8����jn�&gt;���M�_�{��Os�s�?;ù#e0�]o��?��+!1AQaq��0������ @�P`��?����+�pM"e�z�y�1����Y&lt;"O?b����_F�#`B��.�:�N���?�bA���0c�|��s�|P�a�91BH���A�����N�,�9�LL7�F�Ŕ���
~���ݳ����5���9�"[�o�2S�!P��-�jQ�	��C�^ċ���`rcl+��X���3l�Z�jѡ��z�$�ڦ��W��`.\�'#�k߃ê�,q2�:������D��D}���3KWEYё�9ƒ�����Ɗ�!門Bg?:�2nò��&amp;#�3�R��.1d�sM�|v�bъ���(��'Ƅ�G�P�r��1�#a�B	ȃ����hl2�\e{{�qX{��-U�-&lt;����OtCbrZ�U��ӿ���N�Q$ä�W͈�N��(PrQ�:��T	� dw���Sa�/8�i��;�VwT�#�S&gt;P�&amp;H��L�����t��{�g1ԗj]�'Cr�$��T�&gt;�?��1�7K�����]G
O�c��kLߴ�&gt;Q��R��n��� 3ny'=��k�V��S����R���sK��#�S�m�%ՌKo�O���P��*@Ņ��!��C����ׇ��&amp;���e��j�qoz�����L�R�0m�q�K��.� � 2jv�q����0l�}U���4en?���2vZ���;�%�{
_��0�b�I���y\��Qx�x��/wL�O�0U&amp;�Oc\wҤ�0L�&gt;�Lrc��MKr7�~��... (set the log level to DEBUG or TRACE to see the full content) 
 </msg>
<msg timestamp="20220531 01:36:05.748" level="INFO">${response} = &lt;Response [200]&gt;</msg>
<status status="PASS" starttime="20220531 01:36:05.651" endtime="20220531 01:36:05.748"/>
</kw>
<status status="PASS" starttime="20220531 01:36:05.650" endtime="20220531 01:36:05.748"/>
</kw>
<status status="PASS" starttime="20220531 01:36:05.632" endtime="20220531 01:36:05.748"/>
</kw>
<kw name="Verify Product Suggestion Detail By Index" library="SearchFeature">
<arg>index=3</arg>
<arg>text=SanDisk USB Drive Ultra Shift USB 3.0 128GB (SDCZ410-128G-G46)</arg>
<arg>price=฿390.00</arg>
<kw name="Get Text" library="Browser">
<arg>//*[@data-suggestion-productid][${index}]//div[@data-suggestion-label]</arg>
<arg>==</arg>
<arg>${text}</arg>
<tag>Assertion</tag>
<tag>Getter</tag>
<tag>PageContent</tag>
<doc>Returns text attribute of the element found by ``selector``.</doc>
<status status="PASS" starttime="20220531 01:36:05.748" endtime="20220531 01:36:05.755"/>
</kw>
<kw name="Get Text" library="Browser">
<arg>//*[@data-suggestion-productid][${index}]//div[@data-product-search-result]</arg>
<arg>==</arg>
<arg>${price}</arg>
<tag>Assertion</tag>
<tag>Getter</tag>
<tag>PageContent</tag>
<doc>Returns text attribute of the element found by ``selector``.</doc>
<status status="PASS" starttime="20220531 01:36:05.755" endtime="20220531 01:36:05.760"/>
</kw>
<kw name="Get Property" library="Browser">
<var>${imageSrc}</var>
<arg>//*[@data-suggestion-productid][${index}]//img</arg>
<arg>src</arg>
<tag>Assertion</tag>
<tag>Getter</tag>
<tag>PageContent</tag>
<doc>Returns the ``property`` of the element found by ``selector``.</doc>
<msg timestamp="20220531 01:36:05.766" level="INFO">${imageSrc} = https://aumento.officemate.co.th/media/catalog/product/y/0/y070202.jpg?imwidth=320</msg>
<status status="PASS" starttime="20220531 01:36:05.760" endtime="20220531 01:36:05.766"/>
</kw>
<kw name="Verify Response 200" library="Common">
<arg>${imageSrc}</arg>
<kw name="GET" library="RequestsLibrary">
<var>${response}</var>
<arg>${url}</arg>
<arg>expected_status=200</arg>
<doc>Sends a GET request.</doc>
<msg timestamp="20220531 01:36:05.808" level="INFO">GET Request : url=https://aumento.officemate.co.th/media/catalog/product/y/0/y070202.jpg?imwidth=320 
 path_url=/media/catalog/product/y/0/y070202.jpg?imwidth=320 
 headers={'User-Agent': 'python-requests/2.25.1', 'Accept-Encoding': 'gzip, deflate', 'Accept': '*/*', 'Connection': 'keep-alive'} 
 body=None 
 </msg>
<msg timestamp="20220531 01:36:05.838" level="INFO">GET Response : url=https://aumento.officemate.co.th/media/catalog/product/y/0/y070202.jpg?imwidth=320 
 status=200, reason=OK 
 headers={'Server': 'Akamai Image Server', 'Last-Modified': 'Fri, 07 Jan 2022 01:48:15 GMT', 'ETag': '"61d79bdf-2c24b"', 'Content-Type': 'image/jpeg', 'Content-Length': '7543', 'Cache-Control': 'public, max-age=1595', 'Expires': 'Mon, 30 May 2022 19:02:40 GMT', 'Date': 'Mon, 30 May 2022 18:36:05 GMT', 'Connection': 'keep-alive', 'Server-Timing': 'cdn-cache; desc=HIT, edge; dur=1'} 
 body=����JFIF��C		��C

��@@"���������2�y�:�����C�8�N��:�^:��]:�H��``���m��7L�|=��P�51��O�"��H��doڏ��6�^���&gt;U�Q�z����}pI��®����|�8Mkt	s��)��IY���Ɩ��ZҥT�*�EkJ��dNP�2%�~6Nv�П=�
cӸ��|�Kf:&gt;�G����ɭz���hl�=�O5�o�CN�m�Lv#=�4�~��1��I�,�'(L���2��S6?��y�����9��#���������

7��C�x4
������m�z�rڝB�-���	�"z'�̗'jf��?��D�8|�g!�J���y2��ӆ��bR��E*+J�R�k�dJ��)[�r��c�d^���O�_8}T�����~4h6}~r��#�/L�������^��I��fL=������v^��49oCDocDocDocR�@.fW��uN�9���iw!���FՐ�T��20 6!"@A#1235�$%4��������$e��דب���c�[�mj9����c�Y�qh9͠+�1ϭ�Lh��bo��Ѿ"J�%?Kwm���;E����"�F7��'�&amp;��2����!�ex�g2*��Ǜ�KV�k�y�	�Q%$�'?5�AsZZ��S��n��A�,q료�'�w���X�ց]b�Y5�,��Kf:��u%��9è�Ȧ
���s[3��mġ&lt;rrr�8��Zu���z��c^�d��G�F�^��g��Am�}���fy	����өq���T�Dr�lf�eJL��X�̒�
� AA��f+�.Ǌ�h�}:��C�4
��zt�+++�d�&gt;�&lt;V�f�`"+;�l&amp;�8
�ޏ	�ze�v��!��U{�xS$��1?p�&lt;^_�HޓIل���&lt;��
��6G�sG������j+���n�0��#׽�Ǝ�pՙ[)\Q"��K�qF&amp;Fx�ƓEX�jV���=���u_����8��	hZV0�����;�c�(�����=*k1�[�oX_�2.2��L������N�R&lt;�7�Z��E_*d4�g��ݎ=)�G{am����.(��GQ��R�B����m�&lt;㎹��}�E���dD�������.,�IJ����+CPU��� [^�#��-����-�~~Iiy��RH�J� �:H=��ټ��d	D5֑�#ZF"��'c=�T�{(��ێ q�f�	uď0�L��K���F7��B[#	�F&amp;9iW���%j!�����N@E����G��������Gc���7���M]�5d��h3me� ���A)	�Cx;�HXUE���¦&lt;�J�M},���'��GMx����|����||@@��	Ĩ+B� �~�!H	�	!���s�����?H�����?H��F
!1"24q� 03AQ���#@abrs����BCRcS���$5������?�A���m����Y��}�ȏ%��7��r����=����8�I�j���b���a�'di��N�ҿ������]Z�;c��2�eDG��yʂ��7��M"Ի��=EWͭ�+(�6��B�ʼ]�����yC\f|�qM�s��[��e�����L̫��ׂ���Ք�ZG�0��\*R�R��YM�p2��7���VN&gt;� �1�Yk?��?SH���'�`C�ˮd-)��sףTg��1�+����Tr�3����1X�����-�-g*�c�T�-΢vF��Q;#Kw������F����dio�Q�4���6C,-���J(&amp;�j✲��ϓk����1�c�X�I[�$&amp;,1bbpg�r���:O��μ���K�d��y�e��A(���YNLI�2��"�$ä�d�B~��8�+�^���x������f�zx#���bp����V&amp;f-�VT�Ȕ]hs�D4���Xy�����zF0_�	��2��(,���L����,�a6�R�
!J��W�w%����x�N*!)�n�.�%�`҉M�޸}�T��8��;�)�N6�[�8�-�UbU�2A��OGL)�V��f�R����n���CinҀ��/�4��߭���bh��F�V�3Ḿ�@��Kp3SE)_�7�������ft��&amp;�K4�
�wS��&lt;L�~����2��j+ꤞ�q�iiI�W-��Ty������^)\��l�A�HD�seK_U_S�B�^����*`,=�3Zt�h��)nW$(o��k�L4R�B�T�i�#�����T��j�y��Ke˔.7V,s-�_�-�0ӈ}6�m���
�Z����;�{�,��2���5�ԁRm���!��"��/�-בi(�DPF������ǉ�O���D�/1E]錓�w��0,�y���]��ʜ�}T�L/9Օ���V&lt;grf�,+��uD����mM������p��3�⌉TY6wʛ��%�i�
h+�E�5�T�̨�T\a��~\���xh\���n&lt;��-�mR�&lt;��5����B�zi	i���C��ST8wNi�J2Ul,���̻n�U7��MڡR{�0�\mE(qN��`��--M��v�h|��Oy�x�Or��x��詅��7�w���Li�T\ujZ��Q��n�a�%=�q�e=���%��+k�,��O��D�S�w&amp;M�bړ�DI�T�E
l����邃��X�1��Dg�Fp��`(r�ǉ��m;.m��9�|n�'��E�'Q�P�I��8�4`#�0�#q��G(��r����Yaq��"��뺲��M.�:�&lt;h�?�+lh�헶45v���e�]��Ɔ��{cCWl�����^�DԴ�K���8�?&amp;�.��V�*zE�x�X�E.���^#9?8�֊#/�I1Fd_5�R,��Vu�0�Ҍ�l�lМ��V���]����end��SO�hjq[cE_j����Lh���4g;eF���Q�U[c@����sb�͗��2w:W��(��Ќ�$j�s��*!1AQaq����0���� @����?!���y�zY�E7���i�7)�T�G���R�u��|�7�R�]��N��@�G�q���r���D��g��:���?ֺ��c�2�iq�Q򩒕ʺ|�&lt;
�LJw����iS9����zKlЭ|�`x�g���e���j�Bὸ�B@h/1y���濑Th'��N������3��Đv^����M�~f�ܗ��sr���q�n��8�(�f��i(��.́&gt; �A���~�X�W�s��(�8���Ë���^:��8zp\����Sao�b����n��L�����/�_�{��!��t�K��M�z�5j�Z����k��x$4���Y�5W��),����@��.�1d�b�#Cn"�$��I*�P0Q�=���lyk�?:���!	ل5�5�p�e43�C~/3_3~'����P�o���B+�&lt;̧/������}�&lt;:����N�1O+��p�Io�ݓ86&lt;
�����Uj�]�͋=asBMfu�q5�Jw��lK��ұ�v���g�"��u[;N��
ߘ%(��z��f��:)&gt;���G���J�hbCF��E�s$G}H��*+���4W�y�`�J�0}��{��ޑ�=JYri�Ԗ��6������+�ci6i-6�Gm��4��cr��ȟ:���a�X(�����8�߬ON%R](D0���������؆���PzB�ΓFӤꑧ����=�Cz:��!��@Ɇ�Dr��-��fq�/@�[X�
��Y}�89��;1t�9D/�"�Im:���+ԯ&lt;8��y"�����Ĵ�Ũ��o�-�hF�l�����;��α-r���e�Z�/`[9N4v�����`��{�"��D �R�Ac�V	�Ao!r�Q�/��K)t ���k�\�c�o61��p�ꇔ��]{xsD��nJ�&amp;�w�2%��,��K�&gt;�D�&lt;4�
Ɣ+u���X���¸F.#��!�Bw�&lt;uci�!�(��zE�rcyL���9�O��z�����tf��F������hj���W�D'��1�ć�����I�=a�����g�B��(q�Ay�Ä�b�r4�#F�j�yg�!��j
�u(��ޥ�._AW`f�)�J/o�}�Y�2��@�7���҄�)�zWF��(�Z��_�?��;��?C&lt;ٳ`��/�+E��f�e�]OI��-���I���ϔ���4�.�fn9��������=&lt;�*��$A��1���ox�'���i��&gt;&gt;�.�	m���]�tV����|n�x~|�5���y���~���&gt;�L'���OeT�����@0�,���� �&lt;c4�������1�&lt;�@Hp�0���F0q�8B�(��8`�0@s��K$@ 0�0C�����?H�����?H��*!1AQaq����0���@��� ��?���������i�Q�,�zV}ڹ|���e�:}�h������F?5�$��4��Ї���Wo9Y��H[с�ɝp�O���]wx�Y����A��5�x�:t���^������~ɂ�&lt;��
8��}f��q��'�	^Ϙ������ɩUgQ:�[�O��0E�2��T^�i�� �*�ܳ�𮛁U��!d�Iw\_C@`�v���zI�L�%w����Z����^�ޱ�g'����e��q���N	%��E����,��Y)cVH*V���Z^��T*�vK�'P^ѤKk���� ���r���Fr;�K�A�`��J�2���SG�ai/yt'�ߕs��Q\B�k�8�"Ie��e���;�\��Ą�qXt�"�j�p�����N��)}W�7d�h+c�!%~�=��.lI}�&lt;g�H�r�_�O�|�CJ�p&lt;�E��S&amp;o7�O5�s�������w+e�]4�z�SV�n`��]����'!��x��n:�3�)bz* �Xm6gd4%��+�UW��A����а�;�{�B�%0�W�e~�J:%����A�q~60�6��]04g2���P��U�~V�t\�7K�i�4�m6@WknC�*Tʸ����jl�xG&gt;e.��y�
O�3.��ugF%�Ւ�χ�m&lt;џ�qӁT]=M�r��
7]nuk�&gt;��2�O;�r`u�cԨ-⪏у�
�d��H���"��ƌ?�4��'���=��qw��'#0���Y�I�����������kj��4����=#_��=6Z�df�h��V2��xA-�����&lt;�jo��Ņ���:)L��/����/JS-Bw@I�@
���+P��h�� �ِ	減7����kXԵ���`�W�i|���چ��(/�T�Ok*(���n�K����!�����V���p=���ۗTFΏ� ��4����5e��O�Fvg12�|1{V&gt;���_IyE��2�^,�2M|*GH6AZ��0Z�e�����{Y�bN��%`V���5,�a�v�AYd3!���J�L�����#(1��IS�3q$XX�%0�
Z{�$��B��JNPA!˪�*�f=Y�U`���VEʔ��.��De��b����\�Dc���֯��-&amp;u��Ʀؼ''���J�g���έy��в�&gt;x�^-�����J�&gt;U���9&amp;V2�'�D[�+?�])��
��n�J���91�Yԭ���zi��P�j�)�����U�����C��A��]�Sf ��y�&lt;�	wt�Q�Re�h�Q��☹2AA�QðhՔ��A����o���jX)��tJ�z�o&amp;w)Ԍ�$�ު_uHpd��z-�l��B�J|�9��Y�nUj�U��ɽ���\8���vλ�F�����(�Ҩ��O�y��_�����R�o%?,5EK-�����&amp;a6�c�?yX������6�2��?�}�a4��Ǖ���q2�b��o$��F�!,E��/��&gt;9�b[7&lt;05D*��u�֮m���7���k8�˶�(������Vh�q�mɫ�M�P�_��&lt;���6�p��D���w�B����3����~��BN������A�b�|�X���Y���Z�Ε5u���l�Wr�T�$*�]�ܠ���Ѥ��y:b�Z!�Z֠�ު�8�AD_�23�ۮ������1��+L�B�f"��g"���?��U���p�j�bX;������8��?�&amp;U��H��o���Pb�z�p��\AŀyV��8מ�/�gx��hK�x�_��t'��+���=s�-��u/e� �X�N�58k&gt;�p���
(�!i�z�
+�`�('W\J�!:���l�CL�I��UT�:Ll��VN�W���=~��&gt;��.\�M���;=�uȦȜ���j��Z�~H��-��x�
a3��/�S��?y�s��M�5����[O�l�W1�����-X���Ϛ2��KKL��V�j�Hi@_�����=��C��@0�bЭJ�v�i��'���rj�.T�"�Z�=Ч�D��}^蚈9�|���=�a�[��2U�O,M�hݯ�~^#?X��a&gt;�?,�j߰��R��R��S8xr��"�G��`��8}����Z�5�H�X�Ե,�@�Qo���R��1t:�
���Xw��z��N�~�
���b��G�p��J?�k�� 
 </msg>
<msg timestamp="20220531 01:36:05.839" level="INFO">${response} = &lt;Response [200]&gt;</msg>
<status status="PASS" starttime="20220531 01:36:05.766" endtime="20220531 01:36:05.839"/>
</kw>
<status status="PASS" starttime="20220531 01:36:05.766" endtime="20220531 01:36:05.839"/>
</kw>
<status status="PASS" starttime="20220531 01:36:05.748" endtime="20220531 01:36:05.839"/>
</kw>
<kw name="Verify Product Suggestion Detail By Index" library="SearchFeature">
<arg>index=4</arg>
<arg>text=SanDisk SDCZ410-064G-G46 SanDisk USB Drive Ultra USB 30 64GB SDCZ410-064G-G46</arg>
<arg>price=฿219.00</arg>
<kw name="Get Text" library="Browser">
<arg>//*[@data-suggestion-productid][${index}]//div[@data-suggestion-label]</arg>
<arg>==</arg>
<arg>${text}</arg>
<tag>Assertion</tag>
<tag>Getter</tag>
<tag>PageContent</tag>
<doc>Returns text attribute of the element found by ``selector``.</doc>
<status status="PASS" starttime="20220531 01:36:05.839" endtime="20220531 01:36:05.845"/>
</kw>
<kw name="Get Text" library="Browser">
<arg>//*[@data-suggestion-productid][${index}]//div[@data-product-search-result]</arg>
<arg>==</arg>
<arg>${price}</arg>
<tag>Assertion</tag>
<tag>Getter</tag>
<tag>PageContent</tag>
<doc>Returns text attribute of the element found by ``selector``.</doc>
<status status="PASS" starttime="20220531 01:36:05.845" endtime="20220531 01:36:05.850"/>
</kw>
<kw name="Get Property" library="Browser">
<var>${imageSrc}</var>
<arg>//*[@data-suggestion-productid][${index}]//img</arg>
<arg>src</arg>
<tag>Assertion</tag>
<tag>Getter</tag>
<tag>PageContent</tag>
<doc>Returns the ``property`` of the element found by ``selector``.</doc>
<msg timestamp="20220531 01:36:05.855" level="INFO">${imageSrc} = https://aumento.officemate.co.th/media/catalog/product/y/0/y070032.jpg?imwidth=320</msg>
<status status="PASS" starttime="20220531 01:36:05.850" endtime="20220531 01:36:05.855"/>
</kw>
<kw name="Verify Response 200" library="Common">
<arg>${imageSrc}</arg>
<kw name="GET" library="RequestsLibrary">
<var>${response}</var>
<arg>${url}</arg>
<arg>expected_status=200</arg>
<doc>Sends a GET request.</doc>
<msg timestamp="20220531 01:36:05.896" level="INFO">GET Request : url=https://aumento.officemate.co.th/media/catalog/product/y/0/y070032.jpg?imwidth=320 
 path_url=/media/catalog/product/y/0/y070032.jpg?imwidth=320 
 headers={'User-Agent': 'python-requests/2.25.1', 'Accept-Encoding': 'gzip, deflate', 'Accept': '*/*', 'Connection': 'keep-alive'} 
 body=None 
 </msg>
<msg timestamp="20220531 01:36:05.925" level="INFO">GET Response : url=https://aumento.officemate.co.th/media/catalog/product/y/0/y070032.jpg?imwidth=320 
 status=200, reason=OK 
 headers={'X-Akamai-IM-Skip-DLR': '1', 'Server': 'Akamai Image Server', 'Last-Modified': 'Sat, 25 Dec 2021 08:28:08 GMT', 'ETag': '"61c6d618-ba5a"', 'Content-Type': 'image/jpeg', 'Content-Length': '7033', 'Cache-Control': 'public, max-age=1594', 'Expires': 'Mon, 30 May 2022 19:02:40 GMT', 'Date': 'Mon, 30 May 2022 18:36:06 GMT', 'Connection': 'keep-alive', 'Server-Timing': 'cdn-cache; desc=HIT, edge; dur=1'} 
 body=����JFIF��C		��@@"�������'��X��o�^���ȹ�	Z�q39�������ߞ�yomx���ȴͯ33��Z׽���&lt;L��m]�D���ͭ{^0�����(?�#�_�=��7GJfSe�kZ�����~��ΚՎ��}���}&amp;����#??�yK����l���8�|_,^�������?!���ë�������{Z���� |/�z��x����&gt;�z:�ڸ�v�'��Zo{�����_���������Se��{Mt;6��� |�&lt;��:;4�b	���֛[�b������3.&gt;��^���S36�-6��oG�&gt;@���80�l�ϗ-�����?�?e�V�oz��|k�k�L��le����zt����t5xz��&amp;\�sg���� ��10 6!"1@A235�#$%��������$e��דب���c�[�mj9����c�Y�qh9͠+�1ϭ�Lh��bo��Ѿ"J�%?kwm���;E����"�F7��'�&amp;��2����!�e�{3�U��͋�Y%�u5����(��pq?5�AsZZ��S��n��A�,q료�'�a��tq�8�5�WX�Mh&amp;�Kf%�I`:�p�)��)���C������oq(O���:�έlV�df��a�׹?�Q�т��������[q_p�2��F�b�5���\b��5����R�*@�V6s$�!]�(=�Al�}���U�/�Q��pƁSON��eeq�",���K�8��Ul�j�b����n3����'�Y�j,�陕W��}wo
d���'�ǋ��I�i {0���Ǚ��_3��?��@�T޷}P�{Q\��vه����4t3����Hk��$W2�~n(�����h��J��=���u_����x��	hZV0τ��Dh������}�d)�J��hV����L���)�"�%.%7���*M�֣;�Wʙ8ٔj8.7c��eQ��@��f)�.ǋ��#�����2��B����m�&lt;㎹��~}E���dD�������.,�IJ���,+CP���-�o���cŶ���-/6�*I�_$�I��[7��CyQD5��5�b*ORv3��O�������fj0�\H��Y�x�\���	���F�"
Lr�
�"�ᒵ�������N@E����G��������Gc���7���M]�5d����e� ��ЂR��x;�HXUE���¦&lt;�JxM}����'��GMx����|����||@@��	Ĩ+B��F?J���������O�9��F		!"124AQq� #03���@ars���BCRb�Sc����$5�����?�A���m����Y��}�Ȏk��o�9X�%Q��|c=O���3�v�3�v�3��N��v�ѝI1ף��][Z;㝒e~ʈ�zE�{*
�y���E�w�t~EWѭ�*�9�)P�2�7kRꨪ��EgIZA�[i�6��&amp;���,�/�7�fe]6�J�_V��i��p�J8J�e7F�P�7�nU��ɅXeq�=��Y����R��!���2
���k�de��1�+�b��Tu�2�G�2ً�l� ���b�PB�1���N����tg�v�3�{(��݄n����7Fv�e�;��t2��yiqT��i�gD�U�y��O�,��c��.��4HLXb����|�!����f�^T�ɥղ�Q:!e��A(���YNI����"�$ä���B~��&gt;����%=���L���D�7���4�qLN�����N�b�31h�������CI�CJXnu���j�
X� ��3)�e�(7~������[�X�7�m�(B(�W�D���=L�����1�N5��7@�y��p0iD���l&gt;�*Y�ҜSl�2]��r\'�W�%y�X�h�F�jN�p�]Z����J7�"�3�B���j����f~�TL\�y��gU�X/H�73Liʡ,-��M�}�⚘K��6��vq��x��I,��+L|��D���z�kW��2��j+줟q�iiI�W-��Tt�!	Gx9n�R�N0�r�*��D��2��4���ʅ8�-�)KVT7�X{�f�5�h��)nW(q���h��*�&amp;���#�����jE�l�y��Ke˔(Ջٯ�i�&gt;��[Ehl�K-	KX����|�e�����Z�btRm���C�E��_�[�"�Q�D\-��	Oy�z$�g� E�y�*�\`�p�{�3��E!�+�7.��ӆ��H0�ÙN���|���&lt;7)aX�R�Y�����6�V�������ȕE�g���P�ĳ�&gt;�My�ua�2�*�����-���!s3-��D�ɵH&lt; ��lT�ӀR�
q�%�G6��P�!��sL8�Q��`�fo�e�uک�x]Tݲ'�,���R��ؕ�c���ڈ����A)�&lt;C)�U��!�1S
:�X��Sk����( ��Ե��S�����%=��e=���Ke8�+m�,�X'��Ǒ)�&lt;C&amp;�ړ�DI�T�E
l�̑��O�c�q�F1B1���"L���6�M�eͰ5�1�7yN�b0��1��5�e��b�Q�1F/&amp;Q��GX��e�2�c�����JE�8�ueg�]v�1���ܭ�+�^����/|fj35w�������]���f��{�Rҥ.��K�4�1&amp;�.�`+t="�g}"�~�/A�W��O�:�v����RLQ��q"���g^C	Ԍ5n�lМ��V���}����apd��SO�368�񚯽Tf�w�3w{����5_|�̿����[�����1w��Q&lt;+܈��`lhF
6�9��*1!AQaq����0���� @���?!���^|���D7�����M�}�=���.�|���#����B�|�D���t~T}�Oͻ�6��$$�?�����k��luf�V�z��Ե5o�8+'�Rɧ�Z1NIp|G���.BZ��I}�+S���xz�t��C,�nۀ�$`"��$��k�F��&lt;�	�oX?d��McVq��v^������v�佶���{�30��h����G��$���v��4�XD]~N���i�&gt;�!�i��8������B-W�����:/#y��[ao���d+B�[��M@��'�L���G��"��
�������֦R��Ol��fu�c������0ʼ��j�[yO��p&lt;Őse�p����A w�bIUu@У�{'����`~r�B��&lt;��&lt;��=�7����
�'���Щo���B+�&lt;̧/��_~}�.�G��i�5�?�����0�j4���ɮ�O�w�C���Z���Y�g�!��RkY�ä&lt;nb)���2���&amp;����̪�XEn�ΰt�i�|�[���oP�Y������ɲ���e���H"}V��J��"�(���:J*¼���BV���k�/Cx�F�)eɍk$�GA�X�맼¹v6�f%��aJ텼�DTNNcR��ȟ:��"�a�0Y��V�2C���M.�b.p�Iu��k����.t!�؆1?���o:���a��Dc�v��v��%�jk�n�`�:�u��q�A�Y�ٮ7��VV&amp;]F0�Y~������qي�a�@�G~�Im9���W��'H!��]����X�O�c}qn���Y�uCMb���Mr�1%r��ղ��&gt;^����&amp;+;OY}/d*4�!��A��	~���NC1
�]�����~_D��Dj	L;־�̌ym��&gt;�\!Z��Q���� 6��r'���dKw��!bK�&gt;�D���я��+B�Xh~s��� �W��|;C����m�1!EE��Y�&amp;�A�3V��b�1�O&amp;�'�:��L|�f�v�@�(m�ҿ���\�&gt;$1�C��	����zÅ}���g�B��(ǭ��xp�q�\.F&gt;��Ѣڨ�Z�D0�����#��Ƚ�]���
�u����Sޏ��c�|L�_��33p�(A�J~�"�&gt;�G�G��m
�C��i�P���͛	x@΢����Z��켡�S�+l[������ǟ)�&amp;p37X:A�Sy��w1���TT���(��`���x�'���c�j����\~=�"6�v��[3;�u����o�����6���?&amp;���?��|�'���������Ot�s�� ��9���7M�P	˃�@��X�@�p&amp;�x�N�]�t��*!1AQaq���0�����@� ��?��������������}����6�O+=d2�x	�M�z�IU�gt�a���h��hC���&gt;�j��#K1�_�I�0=2��6&lt;���^�Vz��$i �D�A�X�*e��qS��
�k�7����k�!�}f�	[�0��J�=����K]ԩH����MJ��gQ:%ş6��ha�dd���iz���1frH�Y��+��Ub��Y:��}���0&lt;�=i�'^�ak�(��&lt;�F낁��H�zb�g'����ò�gWXSG�����ıs��.�����^r��`�%[GA�Z8���(�l�/Bu"�"[\��.���ǬY�.���kg+�Br⨳���@��^9]�h�(-'y@'��(����&gt;���uO:F��-�Y�ݙr����0Ȭ@5n�]K�������7(n��VǦ $%~�=�j�lI�,'�H�r������Ox(r�ܷOX�ѷ��2��N���}�Vu��z����t�l�S5[u�����;!A��Wu���r�����`w�Zo��{@S�T���i��hK���pUu���[��ø�ʼ�(Œ�PZ��1�QДt �N=a�8�!ll@N�`@�ecg !������z�tl��Ӫ4�m7W+nK�*Tʸ��at5�����aҼ�e]�)t��0�F ��ʛ���"f�ј�hUzNBڸ�Pn�nWJ`���K`ʁ;���IpL_����Q�`j�����Blդwo�8&lt;��Hӗ�8�e|0w��.���෼\�xj/Z6���n�5�7k�L���h�F#ʸ����|?����n��JBQ��'��@��/[o��Ņ����U)�yx\
_��-^��Z���I�Pomq��h�� ��@�M�����]�.��\�Z��՘����I���~{j�,QAj󄎉�F�b���&amp;9�=R�0�}�z���/yhT�?����0�.��N�� 	�4���5e�O�Fvg17�|1yV&gt;�e�xE��F��
�r��S$�w�H��+Y�@Cl�����0ohSBؓ�*	X�11MOXm]��SY�F(�a��S?��97�߻��fe����,YԬ%!WOX�L~**d��#�U0U�;�z�2��/C����h0@h�&lt;̄�:�ĸ*��&lt;���vɫ��I��}�q9�띱.�����x�y�!e�{�������+8T�R�U��IA��Z���l��\V}���\6pG%�� l2�;G�
�2jVP���t�ڡդ#ucCꈫ�w&lt;W��el�n-�����AO�2�e��.!�&amp;^rJ�}&lt;S�$U;�mYZ�Th 瘷�n�-v���!=�D�7���gr�HN�NM�|�ђ�U�-�����)�l���ܪ�WB��}"�8��,����;�5]�BΊ��u5xʸ�������%��e5�a�l��_�u֙�������y
��)|�i�+��&lt;0�e}�n��^�f[��rM+��U�[�R���`W8�؀+��q��B��^���F.m����Cе������ڠ8��A���m���!D�լk����G�y�4lp��D�[y�4}
!��1�3�*���^S�:���ҁ��_!Vl�����&amp;�^�zT��G��)C@���8�㬠��l�X䃂�tŝ�3�]A˽U��c���U�fFI��m���P�޻&gt;:J�*h�و�i�Yɡ}x��j�^z�Y��l׏ip�:�Z&gt;��ׁ�`�^�$g�o��J����`���8�*��g�^z}����]�Qև,�Ņ�P����&lt;u���`�\���K�u�˘��/]1�2�H���5E�M��3�
\�9@:��8Y��1k�Vϴ�u_h%
�aU��p�VN�W����s�ʂ����]�gg�n��'`��5r�-
h�܊^@R�0	W�=�8�����tm#�7��8SeMm/u�D�kf&amp;m��s�L��w�YƧw�z��K�D��V���"�H�}���KTz���N�����-Є�j������x�nA�[Eʜ��Yj��)�%�}^a�W7Or7��qy�RԚ��Q#%LN�m�p��$^;F�� ��Tzp���U�~t�_J��Gf:9zj�.�-����p���e�Z&amp;}R&gt;,PnE,�@�o��.&gt;ȤV�?�� &amp;�w�z&lt;�}FZ����?4
�S��vX�h���������� 
 </msg>
<msg timestamp="20220531 01:36:05.926" level="INFO">${response} = &lt;Response [200]&gt;</msg>
<status status="PASS" starttime="20220531 01:36:05.855" endtime="20220531 01:36:05.926"/>
</kw>
<status status="PASS" starttime="20220531 01:36:05.855" endtime="20220531 01:36:05.926"/>
</kw>
<status status="PASS" starttime="20220531 01:36:05.839" endtime="20220531 01:36:05.926"/>
</kw>
<kw name="Verify Product Suggestion Detail By Index" library="SearchFeature">
<arg>index=5</arg>
<arg>text=SanDisk USB D. Ult Shift USB 3.0 64GB SDCZ410-064G-G46</arg>
<arg>price=฿229.00</arg>
<kw name="Get Text" library="Browser">
<arg>//*[@data-suggestion-productid][${index}]//div[@data-suggestion-label]</arg>
<arg>==</arg>
<arg>${text}</arg>
<tag>Assertion</tag>
<tag>Getter</tag>
<tag>PageContent</tag>
<doc>Returns text attribute of the element found by ``selector``.</doc>
<status status="PASS" starttime="20220531 01:36:05.926" endtime="20220531 01:36:05.932"/>
</kw>
<kw name="Get Text" library="Browser">
<arg>//*[@data-suggestion-productid][${index}]//div[@data-product-search-result]</arg>
<arg>==</arg>
<arg>${price}</arg>
<tag>Assertion</tag>
<tag>Getter</tag>
<tag>PageContent</tag>
<doc>Returns text attribute of the element found by ``selector``.</doc>
<status status="PASS" starttime="20220531 01:36:05.933" endtime="20220531 01:36:05.939"/>
</kw>
<kw name="Get Property" library="Browser">
<var>${imageSrc}</var>
<arg>//*[@data-suggestion-productid][${index}]//img</arg>
<arg>src</arg>
<tag>Assertion</tag>
<tag>Getter</tag>
<tag>PageContent</tag>
<doc>Returns the ``property`` of the element found by ``selector``.</doc>
<msg timestamp="20220531 01:36:05.944" level="INFO">${imageSrc} = https://aumento.officemate.co.th/media/catalog/product/y/0/y070273.jpg?imwidth=320</msg>
<status status="PASS" starttime="20220531 01:36:05.939" endtime="20220531 01:36:05.944"/>
</kw>
<kw name="Verify Response 200" library="Common">
<arg>${imageSrc}</arg>
<kw name="GET" library="RequestsLibrary">
<var>${response}</var>
<arg>${url}</arg>
<arg>expected_status=200</arg>
<doc>Sends a GET request.</doc>
<msg timestamp="20220531 01:36:05.985" level="INFO">GET Request : url=https://aumento.officemate.co.th/media/catalog/product/y/0/y070273.jpg?imwidth=320 
 path_url=/media/catalog/product/y/0/y070273.jpg?imwidth=320 
 headers={'User-Agent': 'python-requests/2.25.1', 'Accept-Encoding': 'gzip, deflate', 'Accept': '*/*', 'Connection': 'keep-alive'} 
 body=None 
 </msg>
<msg timestamp="20220531 01:36:06.014" level="INFO">GET Response : url=https://aumento.officemate.co.th/media/catalog/product/y/0/y070273.jpg?imwidth=320 
 status=200, reason=OK 
 headers={'Server': 'Akamai Image Server', 'Last-Modified': 'Sat, 15 Jan 2022 07:20:55 GMT', 'ETag': '"61e275d7-ba5a"', 'Content-Type': 'image/jpeg', 'Content-Length': '7033', 'Cache-Control': 'public, max-age=1594', 'Expires': 'Mon, 30 May 2022 19:02:40 GMT', 'Date': 'Mon, 30 May 2022 18:36:06 GMT', 'Connection': 'keep-alive', 'Server-Timing': 'cdn-cache; desc=HIT, edge; dur=1'} 
 body=����JFIF��C		��@@"�������'��X��o�^���ȹ�	Z�q39�������ߞ�yomx���ȴͯ33��Z׽���&lt;L��m]�D���ͭ{^0�����(?�#�_�=��7GJfSe�kZ�����~��ΚՎ��}���}&amp;����#??�yK����l���8�|_,^�������?!���ë�������{Z���� |/�z��x����&gt;�z:�ڸ�v�'��Zo{�����_���������Se��{Mt;6��� |�&lt;��:;4�b	���֛[�b������3.&gt;��^���S36�-6��oG�&gt;@���80�l�ϗ-�����?�?e�V�oz��|k�k�L��le����zt����t5xz��&amp;\�sg���� ��10 6!"1@A235�#$%��������$e��דب���c�[�mj9����c�Y�qh9͠+�1ϭ�Lh��bo��Ѿ"J�%?kwm���;E����"�F7��'�&amp;��2����!�e�{3�U��͋�Y%�u5����(��pq?5�AsZZ��S��n��A�,q료�'�a��tq�8�5�WX�Mh&amp;�Kf%�I`:�p�)��)���C������oq(O���:�έlV�df��a�׹?�Q�т��������[q_p�2��F�b�5���\b��5����R�*@�V6s$�!]�(=�Al�}���U�/�Q��pƁSON��eeq�",���K�8��Ul�j�b����n3����'�Y�j,�陕W��}wo
d���'�ǋ��I�i {0���Ǚ��_3��?��@�T޷}P�{Q\��vه����4t3����Hk��$W2�~n(�����h��J��=���u_����x��	hZV0τ��Dh������}�d)�J��hV����L���)�"�%.%7���*M�֣;�Wʙ8ٔj8.7c��eQ��@��f)�.ǋ��#�����2��B����m�&lt;㎹��~}E���dD�������.,�IJ���,+CP���-�o���cŶ���-/6�*I�_$�I��[7��CyQD5��5�b*ORv3��O�������fj0�\H��Y�x�\���	���F�"
Lr�
�"�ᒵ�������N@E����G��������Gc���7���M]�5d����e� ��ЂR��x;�HXUE���¦&lt;�JxM}����'��GMx����|����||@@��	Ĩ+B��F?J���������O�9��F		!"124AQq� #03���@ars���BCRb�Sc����$5�����?�A���m����Y��}�Ȏk��o�9X�%Q��|c=O���3�v�3�v�3��N��v�ѝI1ף��][Z;㝒e~ʈ�zE�{*
�y���E�w�t~EWѭ�*�9�)P�2�7kRꨪ��EgIZA�[i�6��&amp;���,�/�7�fe]6�J�_V��i��p�J8J�e7F�P�7�nU��ɅXeq�=��Y����R��!���2
���k�de��1�+�b��Tu�2�G�2ً�l� ���b�PB�1���N����tg�v�3�{(��݄n����7Fv�e�;��t2��yiqT��i�gD�U�y��O�,��c��.��4HLXb����|�!����f�^T�ɥղ�Q:!e��A(���YNI����"�$ä���B~��&gt;����%=���L���D�7���4�qLN�����N�b�31h�������CI�CJXnu���j�
X� ��3)�e�(7~������[�X�7�m�(B(�W�D���=L�����1�N5��7@�y��p0iD���l&gt;�*Y�ҜSl�2]��r\'�W�%y�X�h�F�jN�p�]Z����J7�"�3�B���j����f~�TL\�y��gU�X/H�73Liʡ,-��M�}�⚘K��6��vq��x��I,��+L|��D���z�kW��2��j+줟q�iiI�W-��Tt�!	Gx9n�R�N0�r�*��D��2��4���ʅ8�-�)KVT7�X{�f�5�h��)nW(q���h��*�&amp;���#�����jE�l�y��Ke˔(Ջٯ�i�&gt;��[Ehl�K-	KX����|�e�����Z�btRm���C�E��_�[�"�Q�D\-��	Oy�z$�g� E�y�*�\`�p�{�3��E!�+�7.��ӆ��H0�ÙN���|���&lt;7)aX�R�Y�����6�V�������ȕE�g���P�ĳ�&gt;�My�ua�2�*�����-���!s3-��D�ɵH&lt; ��lT�ӀR�
q�%�G6��P�!��sL8�Q��`�fo�e�uک�x]Tݲ'�,���R��ؕ�c���ڈ����A)�&lt;C)�U��!�1S
:�X��Sk����( ��Ե��S�����%=��e=���Ke8�+m�,�X'��Ǒ)�&lt;C&amp;�ړ�DI�T�E
l�̑��O�c�q�F1B1���"L���6�M�eͰ5�1�7yN�b0��1��5�e��b�Q�1F/&amp;Q��GX��e�2�c�����JE�8�ueg�]v�1���ܭ�+�^����/|fj35w�������]���f��{�Rҥ.��K�4�1&amp;�.�`+t="�g}"�~�/A�W��O�:�v����RLQ��q"���g^C	Ԍ5n�lМ��V���}����apd��SO�368�񚯽Tf�w�3w{����5_|�̿����[�����1w��Q&lt;+܈��`lhF
6�9��*1!AQaq����0���� @���?!���^|���D7�����M�}�=���.�|���#����B�|�D���t~T}�Oͻ�6��$$�?�����k��luf�V�z��Ե5o�8+'�Rɧ�Z1NIp|G���.BZ��I}�+S���xz�t��C,�nۀ�$`"��$��k�F��&lt;�	�oX?d��McVq��v^������v�佶���{�30��h����G��$���v��4�XD]~N���i�&gt;�!�i��8������B-W�����:/#y��[ao���d+B�[��M@��'�L���G��"��
�������֦R��Ol��fu�c������0ʼ��j�[yO��p&lt;Őse�p����A w�bIUu@У�{'����`~r�B��&lt;��&lt;��=�7����
�'���Щo���B+�&lt;̧/��_~}�.�G��i�5�?�����0�j4���ɮ�O�w�C���Z���Y�g�!��RkY�ä&lt;nb)���2���&amp;����̪�XEn�ΰt�i�|�[���oP�Y������ɲ���e���H"}V��J��"�(���:J*¼���BV���k�/Cx�F�)eɍk$�GA�X�맼¹v6�f%��aJ텼�DTNNcR��ȟ:��"�a�0Y��V�2C���M.�b.p�Iu��k����.t!�؆1?���o:���a��Dc�v��v��%�jk�n�`�:�u��q�A�Y�ٮ7��VV&amp;]F0�Y~������qي�a�@�G~�Im9���W��'H!��]����X�O�c}qn���Y�uCMb���Mr�1%r��ղ��&gt;^����&amp;+;OY}/d*4�!��A��	~���NC1
�]�����~_D��Dj	L;־�̌ym��&gt;�\!Z��Q���� 6��r'���dKw��!bK�&gt;�D���я��+B�Xh~s��� �W��|;C����m�1!EE��Y�&amp;�A�3V��b�1�O&amp;�'�:��L|�f�v�@�(m�ҿ���\�&gt;$1�C��	����zÅ}���g�B��(ǭ��xp�q�\.F&gt;��Ѣڨ�Z�D0�����#��Ƚ�]���
�u����Sޏ��c�|L�_��33p�(A�J~�"�&gt;�G�G��m
�C��i�P���͛	x@΢����Z��켡�S�+l[������ǟ)�&amp;p37X:A�Sy��w1���TT���(��`���x�'���c�j����\~=�"6�v��[3;�u����o�����6���?&amp;���?��|�'���������Ot�s�� ��9���7M�P	˃�@��X�@�p&amp;�x�N�]�t��*!1AQaq���0�����@� ��?��������������}����6�O+=d2�x	�M�z�IU�gt�a���h��hC���&gt;�j��#K1�_�I�0=2��6&lt;���^�Vz��$i �D�A�X�*e��qS��
�k�7����k�!�}f�	[�0��J�=����K]ԩH����MJ��gQ:%ş6��ha�dd���iz���1frH�Y��+��Ub��Y:��}���0&lt;�=i�'^�ak�(��&lt;�F낁��H�zb�g'����ò�gWXSG�����ıs��.�����^r��`�%[GA�Z8���(�l�/Bu"�"[\��.���ǬY�.���kg+�Br⨳���@��^9]�h�(-'y@'��(����&gt;���uO:F��-�Y�ݙr����0Ȭ@5n�]K�������7(n��VǦ $%~�=�j�lI�,'�H�r������Ox(r�ܷOX�ѷ��2��N���}�Vu��z����t�l�S5[u�����;!A��Wu���r�����`w�Zo��{@S�T���i��hK���pUu���[��ø�ʼ�(Œ�PZ��1�QДt �N=a�8�!ll@N�`@�ecg !������z�tl��Ӫ4�m7W+nK�*Tʸ��at5�����aҼ�e]�)t��0�F ��ʛ���"f�ј�hUzNBڸ�Pn�nWJ`���K`ʁ;���IpL_����Q�`j�����Blդwo�8&lt;��Hӗ�8�e|0w��.���෼\�xj/Z6���n�5�7k�L���h�F#ʸ����|?����n��JBQ��'��@��/[o��Ņ����U)�yx\
_��-^��Z���I�Pomq��h�� ��@�M�����]�.��\�Z��՘����I���~{j�,QAj󄎉�F�b���&amp;9�=R�0�}�z���/yhT�?����0�.��N�� 	�4���5e�O�Fvg17�|1yV&gt;�e�xE��F��
�r��S$�w�H��+Y�@Cl�����0ohSBؓ�*	X�11MOXm]��SY�F(�a��S?��97�߻��fe����,YԬ%!WOX�L~**d��#�U0U�;�z�2��/C����h0@h�&lt;̄�:�ĸ*��&lt;���vɫ��I��}�q9�띱.�����x�y�!e�{�������+8T�R�U��IA��Z���l��\V}���\6pG%�� l2�;G�
�2jVP���t�ڡդ#ucCꈫ�w&lt;W��el�n-�����AO�2�e��.!�&amp;^rJ�}&lt;S�$U;�mYZ�Th 瘷�n�-v���!=�D�7���gr�HN�NM�|�ђ�U�-�����)�l���ܪ�WB��}"�8��,����;�5]�BΊ��u5xʸ�������%��e5�a�l��_�u֙�������y
��)|�i�+��&lt;0�e}�n��^�f[��rM+��U�[�R���`W8�؀+��q��B��^���F.m����Cе������ڠ8��A���m���!D�լk����G�y�4lp��D�[y�4}
!��1�3�*���^S�:���ҁ��_!Vl�����&amp;�^�zT��G��)C@���8�㬠��l�X䃂�tŝ�3�]A˽U��c���U�fFI��m���P�޻&gt;:J�*h�و�i�Yɡ}x��j�^z�Y��l׏ip�:�Z&gt;��ׁ�`�^�$g�o��J����`���8�*��g�^z}����]�Qև,�Ņ�P����&lt;u���`�\���K�u�˘��/]1�2�H���5E�M��3�
\�9@:��8Y��1k�Vϴ�u_h%
�aU��p�VN�W����s�ʂ����]�gg�n��'`��5r�-
h�܊^@R�0	W�=�8�����tm#�7��8SeMm/u�D�kf&amp;m��s�L��w�YƧw�z��K�D��V���"�H�}���KTz���N�����-Є�j������x�nA�[Eʜ��Yj��)�%�}^a�W7Or7��qy�RԚ��Q#%LN�m�p��$^;F�� ��Tzp���U�~t�_J��Gf:9zj�.�-����p���e�Z&amp;}R&gt;,PnE,�@�o��.&gt;ȤV�?�� &amp;�w�z&lt;�}FZ����?4
�S��vX�h���������� 
 </msg>
<msg timestamp="20220531 01:36:06.014" level="INFO">${response} = &lt;Response [200]&gt;</msg>
<status status="PASS" starttime="20220531 01:36:05.944" endtime="20220531 01:36:06.014"/>
</kw>
<status status="PASS" starttime="20220531 01:36:05.944" endtime="20220531 01:36:06.014"/>
</kw>
<status status="PASS" starttime="20220531 01:36:05.926" endtime="20220531 01:36:06.014"/>
</kw>
<kw name="Verify Product Suggestion Detail By Index" library="SearchFeature">
<arg>index=6</arg>
<arg>text=SanDisk Flash Drive SDCZ73_064G_G46</arg>
<arg>price=฿275.00</arg>
<kw name="Get Text" library="Browser">
<arg>//*[@data-suggestion-productid][${index}]//div[@data-suggestion-label]</arg>
<arg>==</arg>
<arg>${text}</arg>
<tag>Assertion</tag>
<tag>Getter</tag>
<tag>PageContent</tag>
<doc>Returns text attribute of the element found by ``selector``.</doc>
<status status="PASS" starttime="20220531 01:36:06.015" endtime="20220531 01:36:06.020"/>
</kw>
<kw name="Get Text" library="Browser">
<arg>//*[@data-suggestion-productid][${index}]//div[@data-product-search-result]</arg>
<arg>==</arg>
<arg>${price}</arg>
<tag>Assertion</tag>
<tag>Getter</tag>
<tag>PageContent</tag>
<doc>Returns text attribute of the element found by ``selector``.</doc>
<status status="PASS" starttime="20220531 01:36:06.020" endtime="20220531 01:36:06.026"/>
</kw>
<kw name="Get Property" library="Browser">
<var>${imageSrc}</var>
<arg>//*[@data-suggestion-productid][${index}]//img</arg>
<arg>src</arg>
<tag>Assertion</tag>
<tag>Getter</tag>
<tag>PageContent</tag>
<doc>Returns the ``property`` of the element found by ``selector``.</doc>
<msg timestamp="20220531 01:36:06.031" level="INFO">${imageSrc} = https://aumento.officemate.co.th/media/catalog/product/y/0/y068659_x2.jpg?imwidth=320</msg>
<status status="PASS" starttime="20220531 01:36:06.026" endtime="20220531 01:36:06.031"/>
</kw>
<kw name="Verify Response 200" library="Common">
<arg>${imageSrc}</arg>
<kw name="GET" library="RequestsLibrary">
<var>${response}</var>
<arg>${url}</arg>
<arg>expected_status=200</arg>
<doc>Sends a GET request.</doc>
<msg timestamp="20220531 01:36:06.077" level="INFO">GET Request : url=https://aumento.officemate.co.th/media/catalog/product/y/0/y068659_x2.jpg?imwidth=320 
 path_url=/media/catalog/product/y/0/y068659_x2.jpg?imwidth=320 
 headers={'User-Agent': 'python-requests/2.25.1', 'Accept-Encoding': 'gzip, deflate', 'Accept': '*/*', 'Connection': 'keep-alive'} 
 body=None 
 </msg>
<msg timestamp="20220531 01:36:06.131" level="INFO">GET Response : url=https://aumento.officemate.co.th/media/catalog/product/y/0/y068659_x2.jpg?imwidth=320 
 status=200, reason=OK 
 headers={'X-Akamai-IM-Skip-DLR': '1', 'Server': 'Akamai Image Server', 'Last-Modified': 'Sat, 15 Jan 2022 02:22:49 GMT', 'ETag': '"61e22ff9-15226"', 'Content-Type': 'image/jpeg', 'Content-Length': '13158', 'Cache-Control': 'public, max-age=1594', 'Expires': 'Mon, 30 May 2022 19:02:40 GMT', 'Date': 'Mon, 30 May 2022 18:36:06 GMT', 'Connection': 'keep-alive', 'Server-Timing': 'cdn-cache; desc=HIT, edge; dur=1'} 
 body=����JFIF,,��C		��C

��@@"��������y=5|a��ܹ�af2�&gt;�y׸y�96"��������&lt;�s'������T�}�n\���0�C�c)Q:�d�6������x��C���g����c�x=�4.&lt;nZ.����e����&amp;�X�@�"��NMK&gt;^�e���k��1Z�L��P_���t����h���C����\�Kܫ���9�۸6N�f|&amp;l�q�;��2:^���g�����}&gt;��*�޸t�:V�Z�b�Y��������s�l}�]ڍ˴E(�d��~sO�|JX�_�3�%��[%��ɘ�^�&lt;W���Nk����cu՚�&gt;�;9��9/�@O��0Fg�˖(�_�h�a�d��E=�!$(�&lt;G+6�Ǚ%/'��V���HӺ��`n�ɑ���d,а^���H����͖_v*�'��smG\���W���톱��&amp;�x���{���+���8�Bj����_����U}�}�ƙ�y��';�`���B]��q�;l�}�rw��]����3Ԙ�f��zjS�lќ�5	��P���l�~O&amp;�l�j/�Q������J�g��G&amp;ݩ����X��X4[���rjs�e�1rjp�o��eN���uͳ�	��T�Ɖ�|?,���~�+�1�r��1�+e��H����B��5������[��]�p~qֿPq��u��Y�����X�+�A��m�R�����_9�������yL����K���k9����,0@!" 1Pp#$A���r��5�C�\ߖf(9&gt;T�=J��P(��'bo���ۼ��e�oOeC�``!%j�u�j�r�r
�Q��k�r�ܫ|���������IJi�����y�W4
���9W��oR2|�'�g���ɋ�����bh�����4fsK'�p&amp;Ua)�q�qX"�
��\(fo������1q}/ܳ&gt;�"��sV޽�)p�oj��zT!��	�S��7��7%��G��&amp;D�[FQ�ʸ�Ck���S̓����:�-���pWv��?�kgCd5s������:�f��K�=�q��,���d"&lt;����fkp������+�N�����x�լ�3o�r'b��E��5k�����a��ʋ���[�t��wb��c���&lt;
9i�����ԍ�le	�i��Z�܂�nrH�"�v[v�U�E�_��m��fh���9l�(B[0���ÿ�tN�$��Z4��Z'kX���C�=9�Cʝ�\S?�쟟��:y�[Nޔ؜~�egT΅t��[5�Ɲة�.O:$I��uv�5��֞��U?o��^
�K$��C#��hc�Yb�N�L������̡j��\z��}/2�A��~��X�&amp;�S�8�$h�Ƽ5��\��V΋V����*����	ķ�~�(�[�=��_���pB�כ���CB�&gt;�SmkU�]
iק'DJ��A�䳪ue�$׫�L��B�~]���\^�ܵ`����Dl�y���I
�7��nY�b�j��y�t(IN�S��1:wF�gZ
J��f��4Z,d�"��Ӻ�.�Jd %���V,�d���Ιיh�צ^���9{.&lt;������ġ[;�*P��**Չ���ғ���ʳ��з��}l����A�Ē�t)��ՋPVX�Z�f�{���^�v��	&amp;�v��N�kb�ѻf��Ds���[�#��f���c�ǫ�j�AYZ�5�EВ@����t43���mKgLFt^�q�k�ښP�=�HF��T�p�fk��� �I��\A�ǡv�(���[BH1 @�3�u,QH���'ʭ퇵��v�5��ť�gBHȦ��EQ��?~g�hmKư3�a���Gs�����fg@�кbLHI�$��.�L�F�&lt;��Z�v'�r D]/I��|CEǵ�O6=��z$.�кBH]3�t.�кB�v�����;�#���I5x��h�Íq��8��Ƌ�康��$�,��S:gB��B�]�tΘ�#�{T�{&lt;�ڱ��K1Ie��"�W�I���EE˱�g�IV��FL�2L�]3�t.��bL��M�XZ��.0E*���`tc��&lt;wCjN7�������2�9hJA[pJ3d�P�B�:L���w�^���h���smQ���$rqn��8��1�nX�)�Yn�➾�چZӲgB��t.�Ԗ|�E�-&lt;�.0��z��Ij�7��\k�����DǑcC=m��LLΩފ�7�KRVB�]2gO �ЯsMQj�(XO9l&gt;�-x�9Ym��r���s_�M�{ю�OE�3�u�;�[.(z�P�0�2��̙����P�oJ�FC P�%2�^3�Ʌ��Z�T����iKa�V�������r&lt;���z�KZZ���^���ffQ�P�aM�o�n�v#��&gt;�I�s�i�F��J�W�3F��p�.=�`R�ߏ���C.4/-J�W�7��!@!"AB`p��?��:�&lt;\n"^-��o�X���#�ͽb�i�h�mH�X"�L��!"1@B`ap��?��O��J�Y�0�w'�f�c�*{z�fZ�T��tu�4A��R�&gt;��8T&lt;3��D!12AQ"BRaq� #0@r��3S�$b���CPTp���s�����?�Yo&amp;�+Fm����}#�VŠ���x�t�q�x�����|j�oy7M�L���u��l�#쎊��h�(&lt;+&amp;s�֒-,M�\����.���!���Iw5�$G7d��&gt;7�ɊS��*��Gf�5{�G��Z�����Z�Y!�vԇ%_Emv�d��x�8&lt;8�i��ͮ����*�ʅ��&amp;}I~Ɗ�DP�t��P�[[������?��"Ƌ���9(a]����ŋ����d��a�~�mf�W�B{F(�9�֓�P��u*󽻑�&amp;���M��Q\F�h����2&lt;W�:�sR�ߊ�G�c���:�r_�֒�5�lƹ*�
������Í]w�.ih�Q���.����H-���uީ�*\o���ި�݊��L�6����a�������f��Y����)鷉�G�����n�?)h�����Yn�9�W5օ��zY8x�t`�����96Z��P���G�sY�YW��!f ��0�P���`xq�-�G�W�6dЖ݊�c��U��B��v�&gt;�u��TY�o|�oS���y/���l�1�F���.�Wy��2�Ӱ�~UuY��_��wJ��#�
m*�w��g�ƿe����&gt;��%�kG���w6^�|�*/�V�+�q�,pK�;�i�tc�WyZ�.���4���d|k�_�F�GFο����Zi�X�u���%��a��G�`�d�iN�5	yT�?���G�w�DP��C�:��eG�Ư��Nأ��s�2i�p�i_�E����Ĺ9��T"]���,n=����������jv~c����oeH���_f���t��y֎���[7��ʖ����֒\F�UFlxP2.�o��_I3�_�Z(ђ[x�ib�f�9�V��a?�.i:��(��b=b��Gm�ER�/�C����3��Xӿ�1��Y�;��*�Y"�v�uW�Жk���a�_ꗑ���N�L,��3=/箽ߓ+�E7��	X-hua�+V��M�Z���Y�n_�#o�P��o��B��B���D؉6W��E��@�?(4��I+c�=���ơUE��|p�d#������q�Z�(�CIk�H�S!քPF�ƺ�G�֛E��p�;:.���{��ţ~=�V~Q��Z���{C���]���x���N��&amp;p�7�1Yo�&gt;�Y��
-h�8f�|��&lt;8�i$r��L��]���o�R��x����^��車�8�*���q1���v�گ�3����}B� �!�\ݼ���V�'|U�V����g��K?&amp;����Zkt6w��6|��ޡOě����±���Tj_
��K����r��l�u0����)&gt;c���W��W'����YB��K1��7�E
�.n��v��*�[-˸z��}�wx�[!�	4�/���輤4R�\��)�H�W��=V�W���ю�|i��h�p��ws���Q�6�G�������ZY��q��Û:�Ke����ڕimv�3�7vb�����I\*�5��z'ky���&amp;H��3_�0�s��1%��f����5蜤�c�E��^Om2I�C�x�Z-(�2-ߺ&lt;=\'�M�%��%��#e�ѐ�۞M���i���ȭ����I&lt;�]�	��o�v�^5���u�nv����7K/�+�X��=\�����4���l$�Ɨ�
����tk�wT�X�����_z[������F�q�U��^G�����'^�|�f~_:��c�X֒߯�fS����ț�J��s,0��H��U�Kj囝��0�&gt;n&gt;*����;D�x�p�\��8�13�,��^MGY��
���%�������YP2^��5�b�=�3X���K*�ڑ�V��5�|����K1�}O`�8�N�?N5u�1JGNg�o/y���o����:����]�����w��,p3�aVg��[�#�{V���t#���D����U�Ki�f����H��.
��=�{�tk���8wF�}��qI3�D��P�he�C�,Q�7&lt;�e�Ag8ׇ{�7�Lҝ�G���1�GNg�&gt;^��'����$��c�n��9f:������)ɋ��k�d&gt;^4��bzU��-�L�$3NrR�{����̞5�
�Iܪ��im&lt;���,�r�#��hW �.�[�z4��&amp;�qG�yw�Y:��w{�
+M;�B���j���8�b����B;��6aL�������{���|)���ҝ�G�Ʈ�G�S�3�7��ZPxI�ʖkh�xQ��x��Բ���(�U��A���9d��?afV�_�M$G���-�J���YO]��ޏ���������+��Q}_-��X�����ڂF�Ur���i$I�����֤�&amp;�ՐwPxث.�7P��Vh$ۤ�4a�0��"����cMt-&lt;�&amp;6֖D���Ad�0�S/�XT\���HnU��[�9���JZD����~��]f��t�}���2�/�H����;�%��&gt;�~=ǿ�X�OP�9��a|���޶&amp;7
�agS�ڌ&lt;�'?�jz�12Hu�s���4�NT�,���q����D������0�ç�"b��ǭ�u}��mK��6���Bh�K��0��S�����Yz�d�����q�R��9�����љ�U���-�sT�X�%��}�޾Ux7�"�q6�g}zM���]�W�ʱ'���s?ڌ&lt;��i}f�f�u�k�tS�j��;��߲��kE�Dv��}Y投*˓�kZ��|F�n���pٮ���A��p��xV;Fg�W�����w��0��ƍ���eּ{����=�)�5r��������2�p�9WiKg���NF!���*	'p�v��gw�-�^B��g��?�?��+!1AQaq�����@��0�� Pp��?!���� �`#��:�� Y����Z�
h/�K��� ��1�rM��00h��if���-A9;�C�N��9fQ�S@��x��,0Კ:~���dx!�hܾ�����J$&lt;�\Ϝh�hh'���	���d09ϰ�r�\�=c� �H�Oz*JK�N5�~�B�%)h�,_��	!����г[󠟪��v��'�`�މ=?u�@��dJ{S�opN��ð�� �I����z���!�n
M����"GF�����M�F�[����W=��nO����"&amp;��U�U����uM�؎��U�J@�04: C�����w@�c��&lt;��k@=	4��;�&gt;ٟ�BK��L�&gt;�6�(�f5Ԫ�x�n� ��x�D�(lH�D+I��!"7���z�E;z�p �r���(�3��h��0(:��߭7Qg63̋?�Dp@I�[�2�"�YM�#�t{dP��ʝ�y�㸨�KK�p�@hb�]9I�.Y`f�?Of��5�`�l&lt;�Ɖ��Z�Z�ƙåݪz���Q|F2����e'jf�'6*HH�h:(,0�Hؙ��7��)̡&gt;�ŀG�y���g�F�N0&lt;�i��:6��!g�oi�"��3��&gt;J%Uc腄n�J!���5��w#��Z���|"�U�:70�k��QZGT�Y"a��0F]�s94M%:��&gt;�xM1�]����je	*_�R5��f�S�@��ˀԠa�n�h{
!��V(�Gq�0d�ye�d��&amp;)G�p�x�΁CJaߠ�Ij!�]0�2�i�2�y�;{����:OR�!�85"�ꎉrR�Stv���&amp;v@ܔ,	��.C��["7&lt;�M�B,3%^ƽSt��0a�T�Ն	m�T�˲;��ׁ�ж�'��\���	�9������Q�\!ro�$�)۩��6�;��@?0����D�;�)C���eT`�B��ܰĹ�M�@k�N7��=4 ��N�J��Q�="UG�X�X�?�8���R���ß��z�9���A$�����ԡ`���rh*����Rؑ�E3���RH�@�r�]Qެ��Q&lt;�N�H��^Y(Y��\�)@!���֔5�l(	jA�)�T/�A/�4#���06�j�����1��Q�HE�EO��E�@4C��4?I�����3~W�k���H`P�ʰ=�+
iP��0o��U���Q�D�e��z N�b�w�hT��)g0$M��!c�h6���}��}5u�t]7S�r��dx
`(0V,�N89�)��ԨZ�m&amp;����!#�tD�X�w$��Q'�� ,|�����B- b�5SFS#�g4�G#iK���c΃z���6W��Q���*U��N�f�����u2�0�� ��;�4�@�$��"��.虀�gς��8�`y��XgN���."+��O#Ф���Z:^&amp;��a�01��;�1��ܓ��D��*5ǽ鉙(��$���Ԣ6�CM�79�K�RP䥓qm����f8��	���h@1�&amp;P���F�a��`�ۦ��E\8s�|z�#'��i�ɵ�
�wdk�k�&amp;�ɋ@�[�h�2� 8�#_�Vl5L�][S��ɘ&lt;k� ��ͻ��B� Qv�:!!�MED&gt;	�&amp;���,��K��X5bE@C�f�zM���	i䠯��J@���ܧI��n�`vv���1� 0@�J$���&amp;����\.�j�@�����ωJ$A�Y��c�5Tc+���j��� U�.*R�u����ݰ�D6�6�jl��N}��� ]DÄ�}1���@]�^�dx��+�X��e\)ʨ�!����g-�C&amp;c1m.V�eɿ���bX)$�%��tH�Ip@g@��$6+������ĽA@A	���#}�����b�5S�&gt;�c�]z&amp;J�@��j��E�V��A���ނ��1�\��.��� �d@�njJ�Y��l_��b��*%�'��j��#Fȟ��+���}64����!�@��h�T����.�,x+B����Q��|&amp;������n�vpWdjPV�8`b��G����������1%�?����u�k+�z\Ux�������{�e�k&amp;�l�æX�S}�L��I�H��*ω��`'�tUg�E\�h�A0�R��LW�tQb}9���ֺ1%8h�uAʒI���VC���C�Q�]X̼&amp;Bf8�{b1AFl�4FR�^V�hKpA�P����O�g9SB�&lt;�'��=�#�M4C܄.�ջ!�����jJcf�Po� ��B�'C��͇?F�Y��t�j)���6�@����B0�"�9d_���ʮگ�	E�FWt�JI�j枺��!^NC.��@"f�``F�Ұ	)��A�P����j�lD��:�OU�%�8@��L��U�U�DOd3��jU���XBѰ%1�lh�(0�B��bѝc��T}W����	� L$DPH U#F�S���(r��a��
x1JB��&lt;M 8q���,S�0�L,���0����pr�I�_ML�
0 �0�d��4�җ� ,����1@`�!APQ���?Ǘ�/:�@�'���S�����Gp�F��0n�W@a���$!@1Q�A�`pq������?����� ��_�S�{0�(��&lt;в�R#-�Ϫ�����.a�5��h������+!1AQaq��@������0Pp� ��?��CDC��\VK����j,"=�J��#և*c��l%p���	L'�}�䌏������\/NB�n��h�E+A�O4�x��Q*�ń�"����h�@4�I��ɹ��&lt;Q��0&lt;k�M�0g�y�^���W+{�w�&gt;2W1�qQ.��[U��
Ƈ[T(ni;{@��߭�A�A��z��%�ur�x͂&lt;��I�j40�=�T@�7G�*Gl=���u�v(���&lt;�ѧ�uFIL:�F�����K���ۏ��L��h&lt;�Ω���є6ʬ�o�PV:_���������6��&amp;��E ����V�w��!D⏳��	�+�dE���$#���VI��s(I*3+P���A�N-`-M)���ӑ�X?	���}R�i�b�z�"��	��)��n#�ez����5�����	f����(X���ń0`�.�YГ�L����X�2d�3��V�iv�,+Nﱴ(tH�#�_z/z&lt;&gt;n�� wC�����(�:�@��-�:'���~��j�eP@�%Ja��˶N���Z��R��^O�)�@�} }(���i��ȉZjCOF��_�wm&gt;1*[m�劘p���
b�Jp�Â
	 ��6Ne�j,�e�	�(���?4�43���^��2Q`����jA��7��Ĳ��4qT^�b�U^�a�L�9R�0�e�*�k�%�:7Y?G�ǰR_IZ�2㤀��|��3��Kj&gt;Ji"���a������,�oiG������O%Q��*�X$�i�.�o�S]���FT����������H�00y�B�K�U��ܚ�fi�P���(~4D'2�U�r��A��r��� =Z���^xs����݇ޮj!4��zg��~jpwI-ুf���`�̽��9WP��\�	��+�=��	w.=ja$G6��֜�13�TCi���y��1�n�qP_����en�u�&lt;�o�֡J���L��m�u��	���]�
���;����)�Z%=^`3A��q�2��/%Y%�ւ���(g��ʶ���F�K���uy��8�1�n�	5^}��I�Ɋ�� `Q�H�L�^���x �m���K�r�F��c����ꮶ����yP(Н'�	bJ0���M?�o�L����U3��Z�ģ��Lp��_�������#&gt;6�jr���cb�o��;hs��m��,4\��&amp;N.�{z��ϥ-�H,ȳl1�������Y���jw�;����������+���H?z�N�R^K��MOf�V�-��R���5q��K��ҧ9�pZ�u�b饅��X�
)nP^Zw�e�
��S�v�jˣO�r�꯸@m�,��;�~b�Y ��Kŝ�W-��8���L5��p��$����_��D���X 9JM7NF���... (set the log level to DEBUG or TRACE to see the full content) 
 </msg>
<msg timestamp="20220531 01:36:06.131" level="INFO">${response} = &lt;Response [200]&gt;</msg>
<status status="PASS" starttime="20220531 01:36:06.031" endtime="20220531 01:36:06.131"/>
</kw>
<status status="PASS" starttime="20220531 01:36:06.031" endtime="20220531 01:36:06.131"/>
</kw>
<status status="PASS" starttime="20220531 01:36:06.015" endtime="20220531 01:36:06.131"/>
</kw>
<kw name="Run Test Teardown" library="Common" type="TEARDOWN">
<kw name="Close Browser" library="Browser">
<tag>BrowserControl</tag>
<tag>Setter</tag>
<doc>Closes the current browser.</doc>
<msg timestamp="20220531 01:36:06.276" level="INFO">Closed browser</msg>
<status status="PASS" starttime="20220531 01:36:06.132" endtime="20220531 01:36:06.276"/>
</kw>
<status status="PASS" starttime="20220531 01:36:06.132" endtime="20220531 01:36:06.277"/>
</kw>
<status status="PASS" starttime="20220531 01:35:59.839" endtime="20220531 01:36:06.277"/>
</test>
<test id="s1-t2" name="UI _ Verify Search Suggestions Search By Band" line="22">
<kw name="Open Web Browser" library="Common">
<kw name="New Browser" library="Browser">
<arg>${browser}</arg>
<arg>headless=False</arg>
<tag>BrowserControl</tag>
<tag>Setter</tag>
<doc>Create a new playwright Browser with specified options.</doc>
<msg timestamp="20220531 01:36:06.279" level="INFO">{"browser": "chromium", "headless": false, "handleSIGINT": true, "handleSIGTERM": true, "handleSIGHUP": true, "timeout": 30000.0, "devtools": false, "slowMo": 0.0, "tracesDir": "/Users/soratorn.k/Desktop/Test_Soratorn/Robot Scripts/Testcase/browser/traces/db5ddcfb-5ad9-4743-b9d8-af649c8aa03b"}</msg>
<msg timestamp="20220531 01:36:06.488" level="INFO">Successfully created browser with options: {"browser":"chromium","headless":false,"handleSIGINT":true,"handleSIGTERM":true,"handleSIGHUP":true,"timeout":30000,"devtools":false,"slowMo":0,"tracesDir":"/Users/soratorn.k/Desktop/Test_Soratorn/Robot Scripts/Testcase/browser/traces/db5ddcfb-5ad9-4743-b9d8-af649c8aa03b"}</msg>
<status status="PASS" starttime="20220531 01:36:06.279" endtime="20220531 01:36:06.488"/>
</kw>
<kw name="New Page" library="Browser">
<arg>${url}</arg>
<tag>BrowserControl</tag>
<tag>Setter</tag>
<doc>Open a new Page.</doc>
<msg timestamp="20220531 01:36:10.579" level="INFO">Successfully initialized new page object and opened url: http://www.officemate.co.th/en</msg>
<msg timestamp="20220531 01:36:10.580" level="INFO">No context was open. New context was automatically opened when this page is created.</msg>
<status status="PASS" starttime="20220531 01:36:06.488" endtime="20220531 01:36:10.580"/>
</kw>
<kw name="Click Close Main Popup" library="Common">
<kw name="Run Keyword And Ignore Error" library="BuiltIn">
<arg>Browser.Click</arg>
<arg>//iframe[contains(@src,"info/frame")] &gt;&gt;&gt; //*[contains(@id,"wrap-close-button-")]</arg>
<doc>Runs the given keyword with the given arguments and ignores possible error.</doc>
<kw name="Click" library="Browser">
<arg>//iframe[contains(@src,"info/frame")] &gt;&gt;&gt; //*[contains(@id,"wrap-close-button-")]</arg>
<tag>PageContent</tag>
<tag>Setter</tag>
<doc>Simulates mouse click on the element found by ``selector``.</doc>
<status status="PASS" starttime="20220531 01:36:10.580" endtime="20220531 01:36:10.804"/>
</kw>
<status status="PASS" starttime="20220531 01:36:10.580" endtime="20220531 01:36:10.804"/>
</kw>
<status status="PASS" starttime="20220531 01:36:10.580" endtime="20220531 01:36:10.804"/>
</kw>
<status status="PASS" starttime="20220531 01:36:06.279" endtime="20220531 01:36:10.804"/>
</kw>
<kw name="Input Search" library="SearchFeature">
<arg>SANDISK</arg>
<kw name="Type Text" library="Browser">
<arg>${SearchBoxtb}</arg>
<arg>${data}</arg>
<tag>PageContent</tag>
<tag>Setter</tag>
<doc>Types the given ``txt`` into the text field found by ``selector``.</doc>
<msg timestamp="20220531 01:36:10.805" level="INFO">Types the text 'SANDISK' in the given field.</msg>
<status status="PASS" starttime="20220531 01:36:10.804" endtime="20220531 01:36:10.865"/>
</kw>
<status status="PASS" starttime="20220531 01:36:10.804" endtime="20220531 01:36:10.865"/>
</kw>
<kw name="Verify Categories Suggestions Count" library="SearchFeature">
<arg>4</arg>
<kw name="Wait For Elements State" library="Browser">
<arg>${SuggestionsCategories}</arg>
<arg>visible</arg>
<tag>PageContent</tag>
<tag>Wait</tag>
<doc>Waits for the element found by ``selector`` to satisfy state option.</doc>
<msg timestamp="20220531 01:36:11.280" level="INFO">Waited for Element with selector //*[contains(@class,"suggestion_container")] at state visible</msg>
<status status="PASS" starttime="20220531 01:36:10.865" endtime="20220531 01:36:11.280"/>
</kw>
<kw name="Get Element Count" library="Browser">
<var>${result}</var>
<arg>${SuggestionsCategoriesCount}</arg>
<tag>Assertion</tag>
<tag>Getter</tag>
<tag>PageContent</tag>
<doc>Returns the count of elements found with ``selector``.</doc>
<msg timestamp="20220531 01:36:11.299" level="INFO">${result} = 4</msg>
<status status="PASS" starttime="20220531 01:36:11.280" endtime="20220531 01:36:11.299"/>
</kw>
<kw name="Should Be Equal" library="BuiltIn">
<arg>${${count}}</arg>
<arg>${result}</arg>
<doc>Fails if the given objects are unequal.</doc>
<status status="PASS" starttime="20220531 01:36:11.299" endtime="20220531 01:36:11.299"/>
</kw>
<status status="PASS" starttime="20220531 01:36:10.865" endtime="20220531 01:36:11.299"/>
</kw>
<kw name="Verify Categorie Suggestion Detail By Index" library="SearchFeature">
<arg>index=1</arg>
<arg>text=in SANDISK-OI-1-30NOV21</arg>
<kw name="Get Text" library="Browser">
<arg>//*[contains(@class,"suggestion_container")]//*[contains(@data-suggestion-label,"categories")][${index}]</arg>
<arg>==</arg>
<arg>${text}</arg>
<tag>Assertion</tag>
<tag>Getter</tag>
<tag>PageContent</tag>
<doc>Returns text attribute of the element found by ``selector``.</doc>
<status status="PASS" starttime="20220531 01:36:11.300" endtime="20220531 01:36:11.338"/>
</kw>
<status status="PASS" starttime="20220531 01:36:11.299" endtime="20220531 01:36:11.338"/>
</kw>
<kw name="Verify Categorie Suggestion Detail By Index" library="SearchFeature">
<arg>index=2</arg>
<arg>text=in แฟลชไดร์ USB 2.0, 3.0</arg>
<kw name="Get Text" library="Browser">
<arg>//*[contains(@class,"suggestion_container")]//*[contains(@data-suggestion-label,"categories")][${index}]</arg>
<arg>==</arg>
<arg>${text}</arg>
<tag>Assertion</tag>
<tag>Getter</tag>
<tag>PageContent</tag>
<doc>Returns text attribute of the element found by ``selector``.</doc>
<status status="PASS" starttime="20220531 01:36:11.339" endtime="20220531 01:36:11.344"/>
</kw>
<status status="PASS" starttime="20220531 01:36:11.338" endtime="20220531 01:36:11.344"/>
</kw>
<kw name="Verify Categorie Suggestion Detail By Index" library="SearchFeature">
<arg>index=3</arg>
<arg>text=in Flash Drive</arg>
<kw name="Get Text" library="Browser">
<arg>//*[contains(@class,"suggestion_container")]//*[contains(@data-suggestion-label,"categories")][${index}]</arg>
<arg>==</arg>
<arg>${text}</arg>
<tag>Assertion</tag>
<tag>Getter</tag>
<tag>PageContent</tag>
<doc>Returns text attribute of the element found by ``selector``.</doc>
<status status="PASS" starttime="20220531 01:36:11.345" endtime="20220531 01:36:11.350"/>
</kw>
<status status="PASS" starttime="20220531 01:36:11.344" endtime="20220531 01:36:11.350"/>
</kw>
<kw name="Verify Categorie Suggestion Detail By Index" library="SearchFeature">
<arg>index=4</arg>
<arg>text=in IT-MEMORY-1-31JAN22</arg>
<kw name="Get Text" library="Browser">
<arg>//*[contains(@class,"suggestion_container")]//*[contains(@data-suggestion-label,"categories")][${index}]</arg>
<arg>==</arg>
<arg>${text}</arg>
<tag>Assertion</tag>
<tag>Getter</tag>
<tag>PageContent</tag>
<doc>Returns text attribute of the element found by ``selector``.</doc>
<status status="PASS" starttime="20220531 01:36:11.350" endtime="20220531 01:36:11.357"/>
</kw>
<status status="PASS" starttime="20220531 01:36:11.350" endtime="20220531 01:36:11.357"/>
</kw>
<kw name="Verify Products Suggestions Count" library="SearchFeature">
<arg>6</arg>
<kw name="Wait For Elements State" library="Browser">
<arg>${SuggestionsProducts}</arg>
<arg>visible</arg>
<tag>PageContent</tag>
<tag>Wait</tag>
<doc>Waits for the element found by ``selector`` to satisfy state option.</doc>
<msg timestamp="20220531 01:36:11.362" level="INFO">Waited for Element with selector //*[@data-suggestion-productid][1] at state visible</msg>
<status status="PASS" starttime="20220531 01:36:11.357" endtime="20220531 01:36:11.362"/>
</kw>
<kw name="Get Element Count" library="Browser">
<var>${result}</var>
<arg>${SuggestionsProductsCount}</arg>
<tag>Assertion</tag>
<tag>Getter</tag>
<tag>PageContent</tag>
<doc>Returns the count of elements found with ``selector``.</doc>
<msg timestamp="20220531 01:36:11.364" level="INFO">${result} = 6</msg>
<status status="PASS" starttime="20220531 01:36:11.362" endtime="20220531 01:36:11.364"/>
</kw>
<kw name="Should Be Equal" library="BuiltIn">
<arg>${${count}}</arg>
<arg>${result}</arg>
<doc>Fails if the given objects are unequal.</doc>
<status status="PASS" starttime="20220531 01:36:11.364" endtime="20220531 01:36:11.364"/>
</kw>
<status status="PASS" starttime="20220531 01:36:11.357" endtime="20220531 01:36:11.364"/>
</kw>
<kw name="Verify Product Suggestion Detail By Index" library="SearchFeature">
<arg>index=1</arg>
<arg>text=Flashdrive 32GB Blue SanDisk SDCZ73_032G_G46B</arg>
<arg>price=฿159.00</arg>
<kw name="Get Text" library="Browser">
<arg>//*[@data-suggestion-productid][${index}]//div[@data-suggestion-label]</arg>
<arg>==</arg>
<arg>${text}</arg>
<tag>Assertion</tag>
<tag>Getter</tag>
<tag>PageContent</tag>
<doc>Returns text attribute of the element found by ``selector``.</doc>
<status status="PASS" starttime="20220531 01:36:11.365" endtime="20220531 01:36:11.370"/>
</kw>
<kw name="Get Text" library="Browser">
<arg>//*[@data-suggestion-productid][${index}]//div[@data-product-search-result]</arg>
<arg>==</arg>
<arg>${price}</arg>
<tag>Assertion</tag>
<tag>Getter</tag>
<tag>PageContent</tag>
<doc>Returns text attribute of the element found by ``selector``.</doc>
<status status="PASS" starttime="20220531 01:36:11.370" endtime="20220531 01:36:11.375"/>
</kw>
<kw name="Get Property" library="Browser">
<var>${imageSrc}</var>
<arg>//*[@data-suggestion-productid][${index}]//img</arg>
<arg>src</arg>
<tag>Assertion</tag>
<tag>Getter</tag>
<tag>PageContent</tag>
<doc>Returns the ``property`` of the element found by ``selector``.</doc>
<msg timestamp="20220531 01:36:11.380" level="INFO">${imageSrc} = https://aumento.officemate.co.th/media/catalog/product/4/0/4007069.jpg?imwidth=320</msg>
<status status="PASS" starttime="20220531 01:36:11.375" endtime="20220531 01:36:11.380"/>
</kw>
<kw name="Verify Response 200" library="Common">
<arg>${imageSrc}</arg>
<kw name="GET" library="RequestsLibrary">
<var>${response}</var>
<arg>${url}</arg>
<arg>expected_status=200</arg>
<doc>Sends a GET request.</doc>
<msg timestamp="20220531 01:36:11.469" level="INFO">GET Request : url=https://aumento.officemate.co.th/media/catalog/product/4/0/4007069.jpg?imwidth=320 
 path_url=/media/catalog/product/4/0/4007069.jpg?imwidth=320 
[...]
<arg>${0}</arg>
<doc>Fails if the given objects are unequal.</doc>
<status status="PASS" starttime="20220531 01:37:13.976" endtime="20220531 01:37:13.978"/>
</kw>
<kw name="Run Test Teardown" library="Common" type="TEARDOWN">
<kw name="Close Browser" library="Browser">
<tag>BrowserControl</tag>
<tag>Setter</tag>
<doc>Closes the current browser.</doc>
<msg timestamp="20220531 01:37:13.981" level="INFO">No browser open, doing nothing</msg>
<status status="PASS" starttime="20220531 01:37:13.979" endtime="20220531 01:37:13.981"/>
</kw>
<status status="PASS" starttime="20220531 01:37:13.978" endtime="20220531 01:37:13.982"/>
</kw>
<doc>searchQuery=sandiskxxx,limit=45,page=1,store_id=3,x_subject_id=kY1lkH4Hl2mgIjHiW94OUM3uiZans9Of,price_range=1,visibility=4</doc>
<status status="PASS" starttime="20220531 01:37:13.326" endtime="20220531 01:37:13.982"/>
</test>
<test id="s1-t16" name="API _ Check Response From API Search | Don't Send searchQuery" line="143">
<kw name="Request GET" library="Common">
<var>${response}</var>
<arg>url=https://www.officemate.co.th/api/search/products?limit=45&amp;page=1&amp;store_id=3&amp;x_subject_id=kY1lkH4Hl2mgIjHiW94OUM3uiZans9Of&amp;price_range=1&amp;visibility=4</arg>
<kw name="Create Dictionary" library="BuiltIn">
<var>${headers}</var>
<arg>x-store-code=en</arg>
<doc>Creates and returns a dictionary based on the given ``items``.</doc>
<msg timestamp="20220531 01:37:13.989" level="INFO">${headers} = {'x-store-code': 'en'}</msg>
<status status="PASS" starttime="20220531 01:37:13.989" endtime="20220531 01:37:13.989"/>
</kw>
<kw name="GET" library="RequestsLibrary">
<var>${response}</var>
<arg>url=${url}</arg>
<arg>headers=${headers}</arg>
<arg>expected_status=200</arg>
<doc>Sends a GET request.</doc>
<msg timestamp="20220531 01:37:19.072" level="INFO">GET Request : url=https://www.officemate.co.th/api/search/products?limit=45&amp;page=1&amp;store_id=3&amp;x_subject_id=kY1lkH4Hl2mgIjHiW94OUM3uiZans9Of&amp;price_range=1&amp;visibility=4 
 path_url=/api/search/products?limit=45&amp;page=1&amp;store_id=3&amp;x_subject_id=kY1lkH4Hl2mgIjHiW94OUM3uiZans9Of&amp;price_range=1&amp;visibility=4 
 headers={'User-Agent': 'python-requests/2.25.1', 'Accept-Encoding': 'gzip, deflate', 'Accept': '*/*', 'Connection': 'keep-alive', 'x-store-code': 'en'} 
 body=None 
 </msg>
<msg timestamp="20220531 01:37:19.078" level="INFO">GET Response : url=https://www.officemate.co.th/api/search/products?limit=45&amp;page=1&amp;store_id=3&amp;x_subject_id=kY1lkH4Hl2mgIjHiW94OUM3uiZans9Of&amp;price_range=1&amp;visibility=4 
 status=200, reason=OK 
 headers={'Content-Type': 'application/json; charset=utf-8', 'X-Powered-By': 'Express', 'x-frame-options': 'SAMEORIGIN', 'x-xss-protection': '1; mode=block', 'ETag': 'W/"2842b3-5G61aVOl9zRVi9vrNtT9wvU/+3Y"', 'Content-Encoding': 'gzip', 'Cache-Control': 'public, max-age=120', 'Expires': 'Mon, 30 May 2022 18:39:18 GMT', 'Date': 'Mon, 30 May 2022 18:37:18 GMT', 'Transfer-Encoding': 'chunked', 'Connection': 'keep-alive, Transfer-Encoding', 'Vary': 'Accept-Encoding', 'Server-Timing': 'edge; dur=103, origin; dur=4609, cdn-cache; desc=REVALIDATE'} 
 body={"products":{"total_count":127911,"products":[{"id":74715,"type_id":"simple","name":"Air Purfier 2H EU","brand_name":"Xiaomi","small_image":"/4/0/4007588_1.jpg","image":"/4/0/4007588_1.jpg","thumbnail":"/4/0/4007588_1.jpg","url_key":"xiaomi-เครื่องฟอกอากาศ-mi-air-purfier-2h-eu-ofm4007588","attribute_set_id":716,"visibility":4,"status":1,"is_returnable":"2","category":[{"category_id":2,"level":1,"parent_id":1,"url_key":"default-category"},{"category_id":280,"name":"Electronics &amp; IT","level":2,"parent_id":2,"url_key":"electronics-it","url_path":"electronics-it","is_parent":true},{"category_id":487,"name":"Home Appliances","level":3,"parent_id":280,"url_key":"home-appliances","url_path":"electronics-it/home-appliances","is_parent":true},{"category_id":1501,"name":"promotions","level":2,"parent_id":2,"url_key":"promotions","url_path":"promotions","is_parent":true},{"category_id":1709,"name":"Air Purifier","level":4,"parent_id":487,"url_key":"air-purifier","url_path":"electronics-it/home-appliances/air-purifier","is_parent":true},{"category_id":4715,"name":"PROTECT-FROM-VIRUS-AIR-PURIFIER","level":3,"parent_id":1501,"url_key":"protect-from-virus-air-purifier","url_path":"promotions/protect-from-virus-air-purifier","is_parent":true},{"category_id":5227,"name":"COVID-19-AIR-PURIFIER","level":3,"parent_id":1501,"url_key":"covid-19-air-purifier","url_path":"promotions/covid-19-air-purifier","is_parent":true},{"category_id":7429,"name":"PM-25-1-31JAN22","level":3,"parent_id":1501,"url_key":"pm-25-1-31jan22","url_path":"promotions/pm-25-1-31jan22","is_parent":true},{"category_id":7878,"name":"WORK-FROM-HOME-APPLIANCES-2022","level":3,"parent_id":1501,"url_key":"work-from-home-appliances-2022","url_path":"promotions/work-from-home-appliances-2022","is_parent":true},{"category_id":8105,"name":"SUMMER-SUPER-SALE-FLASH-SALE-1-10APR22","level":3,"parent_id":1501,"url_key":"summer-super-sale-flash-sale-1-10apr22","url_path":"promotions/summer-super-sale-flash-sale-1-10apr22","is_parent":true},{"category_id":8106,"name":"HOLIDAY-GIFTS-1-30APR22","level":3,"parent_id":1501,"url_key":"holiday-gifts-1-30apr22","url_path":"promotions/holiday-gifts-1-30apr22","is_parent":true},{"category_id":8136,"name":"WEEKLY-ZABB-SALE-HOLIDAY-TRAVELLING-4-10APR22","level":3,"parent_id":1501,"url_key":"weekly-zabb-sale-holiday-travelling-4-10apr22","url_path":"promotions/weekly-zabb-sale-holiday-travelling-4-10apr22","is_parent":true},{"category_id":8148,"name":"WEEKLY-ZABB-SALE-HOLIDAY-TRAVELLING-SMALL-APPLIANCE-4-10APR22","level":3,"parent_id":1501,"url_key":"weekly-zabb-sale-holiday-travelling-small-appliance-4-10apr22","url_path":"promotions/weekly-zabb-sale-holiday-travelling-small-appliance-4-10apr22","is_parent":true},{"category_id":8293,"name":"5-5-MEGA-BRAND-SALE-1-8MAY22","level":3,"parent_id":1501,"url_key":"5-5-mega-brand-sale-1-8may22","url_path":"promotions/5-5-mega-brand-sale-1-8may22","is_parent":true},{"category_id":8348,"name":"APPLIANCES-1-31MAY22","level":3,"parent_id":1501,"url_key":"appliances-1-31may22","url_path":"promotions/appliances-1-31may22","is_parent":true},{"category_id":8509,"name":"MI-17-31MAY22","level":3,"parent_id":1501,"url_key":"mi-17-31may22","url_path":"promotions/mi-17-31may22","is_parent":true},{"category_id":8545,"name":"ANNIVERSARY-SALE-TOP-ITEMS-1-30JUN22","level":3,"parent_id":1501,"url_key":"anniversary-sale-top-items-1-30jun22","url_path":"promotions/anniversary-sale-top-items-1-30jun22","is_parent":true},{"category_id":8548,"name":"ANNIVERSARY-SALE-TOP-ITEMS-HOUSEHOLD-SUPPLY-AND-ELECTRIC-1-30JUN22","level":3,"parent_id":1501,"url_key":"anniversary-sale-top-items-household-supply-and-electric-1-30jun22","url_path":"promotions/anniversary-sale-top-items-household-supply-and-electric-1-30jun22","is_parent":true},{"category_id":8565,"name":"HEALTHCARE-1-30JUN22","level":3,"parent_id":1501,"url_key":"healthcare-1-30jun22","url_path":"promotions/healthcare-1-30jun22","is_parent":true},{"category_id":8570,"name":"HEALTHCARE-AIR-PURIFIER-1-30JUN22","level":3,"parent_id":1501,"url_key":"healthcare-air-purifier-1-30jun22","url_path":"promotions/healthcare-air-purifier-1-30jun22","is_parent":true},{"category_id":8597,"name":"WEEKLY-ZABB-SALE-APPLIANCES-30MAY-5JUN22","level":3,"parent_id":1501,"url_key":"weekly-zabb-sale-appliances-30may-5jun22","url_path":"promotions/weekly-zabb-sale-appliances-30may-5jun22","is_parent":true}],"price":3490,"tier_prices":[{"price":2490,"original_price":3490,"customer_group_id":0,"is_discount":true},{"price":2490,"original_price":3490,"customer_group_id":1,"is_discount":true},{"price":2490,"original_price":3490,"customer_group_id":2,"is_discount":true},{"price":2490,"original_price":3490,"customer_group_id":3,"is_discount":true},{"price":2490,"original_price":3490,"customer_group_id":4,"is_discount":true},{"price":2490,"original_price":3490,"customer_group_id":5,"is_discount":true}],"special_price":2490,"special_from_date":"2022-05-18T00:00:00","special_to_date":"2022-05-31T23:59:59","stock":{"qty":56,"is_in_stock":true},"custom_attributes_option":[{"attribute_code":"small_image","value":"/4/0/4007588_1.jpg","position":0},{"attribute_code":"special_from_date","value":"2022-05-18 00:00:00","position":0},{"attribute_code":"in_xml_sitemap","value":"Include in XML Sitemap","position":0},{"attribute_code":"swatch_image","value":"/4/0/4007588_1.jpg","position":0},{"attribute_code":"product_weight_kg_tf","value":"5.2 KG","position":0},{"attribute_code":"visibility","value":4,"position":0},{"attribute_code":"ofm_green_product","value":"General Product","position":0},{"attribute_code":"percent_discount","value":29,"position":0},{"attribute_code":"smart_control_yn","value":"Smart control","position":0},{"attribute_code":"flash_deal_from","value":"2022-03-01 17:00:00","position":0},{"attribute_code":"price_inc_tax","value":3490,"position":0},{"attribute_code":"central_url_generator_flag","value":"Url Generator Flag","position":0},{"attribute_code":"created_at","value":"2020-01-14 16:05:31","position":0},{"attribute_code":"installment_plans","value":["5"],"position":0},{"attribute_code":"special_price","value":2490,"position":0},{"attribute_code":"air_quality_sensor_yn","value":"Air quality sensor","position":0},{"attribute_code":"unit","value":"Piece","position":0},{"attribute_code":"is_bestdeal","value":"Is Best Deal","position":0},{"attribute_code":"standard_color_dp","value":"White","position":0},{"attribute_code":"online_price_enabled","value":"Online Price Enabled","position":0},{"attribute_code":"ts_dimensions_width","value":290,"position":0},{"attribute_code":"shipment_group_id","value":"MKP_2022","position":0},{"attribute_code":"ofm_product_type","value":9,"position":0},{"attribute_code":"weight","value":6400,"position":0},{"attribute_code":"warranty_dp","value":"9-12 Months","position":0},{"attribute_code":"dimensions_textfield","value":"28.9 x 29 x 58 cm.","position":0},{"attribute_code":"min_lead_time","value":10,"position":0},{"attribute_code":"flash_deal_position","value":5,"position":0},{"attribute_code":"ts_dimensions_length","value":580,"position":0},{"attribute_code":"product_warranty_tsw","value":"1 Year","position":0},{"attribute_code":"manual_boosting","value":155,"position":0},{"attribute_code":"filter_pm25","value":"Filter PM2.5","position":0},{"attribute_code":"special_expires_at","value":"2022-05-31 23:59:59","position":0},{"attribute_code":"ts_dimensions_height","value":295,"position":0},{"attribute_code":"updated_at","value":"2022-05-27 08:32:55","position":0},{"attribute_code":"has_options","value":false,"position":0},{"attribute_code":"barcode","value":"6934177709005","position":0},{"attribute_code":"image","value":"/4/0/4007588_1.jpg","position":0},{"attribute_code":"price_discount","value":28.65,"position":0},{"attribute_code":"scheduler_timer_on_off_tsw","value":"ON/OFF","position":0},{"attribute_code":"status","value":"Enabled","position":0},{"attribute_code":"special_to_date","value":"2022-05-31 23:59:59","position":0},{"attribute_code":"is_returnable","value":"2","position":0},{"attribute_code":"brand_name","value":"Xiaomi","position":0},{"attribute_code":"search_keywords","value":"Air Purfier 2H EU เครื่องฟอกอากาศ Mi Air Purfier 2H EU","position":0},{"attribute_code":"max_lead_time","value":15,"position":0},{"attribute_code":"special_price_inc_tax","value":2490,"position":0},{"attribute_code":"is_warranty","value":"Is Warranty","position":0},{"attribute_code":"url_key","value":"xiaomi-เครื่องฟอกอากาศ-mi-air-purfier-2h-eu-ofm4007588","values":["xiaomi-เครื่องฟอกอากาศ-mi-air-purfier-2h-eu-ofm4007588"],"position":0},{"attribute_code":"delivery_surcharge_fee","value":105,"position":0},{"attribute_code":"product_group","value":"A","position":0},{"attribute_code":"flash_deal_to","value":"2022-03-06 16:59:00","position":0},{"attribute_code":"flash_deal_sold_qty","value":4,"position":0},{"attribute_code":"required_options","value":false,"position":0},{"attribute_code":"sold_qty","value":2,"position":0},{"attribute_code":"options_container","value":"Block after Info Column","position":0},{"attribute_code":"tax_class_id","value":"Taxable Goods","position":0},{"attribute_code":"flash_deal_qty","value":9999,"position":0},{"attribute_code":"thumbnail","value":"/4/0/4007588_1.jpg","position":0}],"custom_attributes":[{"attribute_code":"name","name":"name","label":"Product Name","value":"Air Purfier 2H EU"},{"attribute_code":"image","name":"image","label":"Base","value":"/4/0/4007588_1.jpg"},{"attribute_code":"small_image","name":"small_image","label":"Small","value":"/4/0/4007588_1.jpg"},{"attribute_code":"thumbnail","name":"thumbnail","label":"Thumbnail","value":"/4/0/4007588_1.jpg"},{"attribute_code":"options_container","name":"options_container","label":"Display Product Options In","value":"container2"},{"attribute_code":"url_key","name":"url_key","label":"URL Key","value":"xiaomi-เครื่องฟอกอากาศ-mi-air-purfier-2h-eu-ofm4007588"},{"attribute_code":"msrp_display_act... (set the log level to DEBUG or TRACE to see the full content) 
 </msg>
<msg timestamp="20220531 01:37:19.079" level="INFO">${response} = &lt;Response [200]&gt;</msg>
<status status="PASS" starttime="20220531 01:37:13.989" endtime="20220531 01:37:19.079"/>
</kw>
<kw name="Return From Keyword" library="BuiltIn">
<arg>${response}</arg>
<doc>Returns from the enclosing user keyword.</doc>
<msg timestamp="20220531 01:37:19.080" level="INFO">Returning from the enclosing user keyword.</msg>
<status status="PASS" starttime="20220531 01:37:19.079" endtime="20220531 01:37:19.080"/>
</kw>
<msg timestamp="20220531 01:37:19.081" level="INFO">${response} = &lt;Response [200]&gt;</msg>
<status status="PASS" starttime="20220531 01:37:13.988" endtime="20220531 01:37:19.081"/>
</kw>
<kw name="Status Should Be" library="RequestsLibrary">
<arg>200</arg>
<arg>${response}</arg>
<doc>Fails if response status code is different than the expected.</doc>
<status status="PASS" starttime="20220531 01:37:19.081" endtime="20220531 01:37:19.082"/>
</kw>
<kw name="Verify Response Key" library="Common">
<arg>${response.json()}</arg>
<arg>products</arg>
<arg>range</arg>
<for flavor="IN">
<var>${key}</var>
<value>@{text}</value>
<iter>
<var name="${key}">products</var>
<kw name="Dictionary Should Contain Key" library="Collections">
<arg>${dict}</arg>
<arg>${key}</arg>
<doc>Fails if ``key`` is not found from ``dictionary``.</doc>
<status status="PASS" starttime="20220531 01:37:19.114" endtime="20220531 01:37:19.114"/>
</kw>
<status status="PASS" starttime="20220531 01:37:19.113" endtime="20220531 01:37:19.114"/>
</iter>
<iter>
<var name="${key}">range</var>
<kw name="Dictionary Should Contain Key" library="Collections">
<arg>${dict}</arg>
<arg>${key}</arg>
<doc>Fails if ``key`` is not found from ``dictionary``.</doc>
<status status="PASS" starttime="20220531 01:37:19.114" endtime="20220531 01:37:19.114"/>
</kw>
<status status="PASS" starttime="20220531 01:37:19.114" endtime="20220531 01:37:19.114"/>
</iter>
<status status="PASS" starttime="20220531 01:37:19.113" endtime="20220531 01:37:19.114"/>
</for>
<status status="PASS" starttime="20220531 01:37:19.082" endtime="20220531 01:37:19.114"/>
</kw>
<kw name="Verify Response Key" library="Common">
<arg>${response.json()["products"]}</arg>
<arg>filters</arg>
<arg>products</arg>
<arg>search_criteria</arg>
<arg>sorting</arg>
<arg>total_count</arg>
<for flavor="IN">
<var>${key}</var>
<value>@{text}</value>
<iter>
<var name="${key}">filters</var>
<kw name="Dictionary Should Contain Key" library="Collections">
<arg>${dict}</arg>
<arg>${key}</arg>
<doc>Fails if ``key`` is not found from ``dictionary``.</doc>
<status status="PASS" starttime="20220531 01:37:19.134" endtime="20220531 01:37:19.134"/>
</kw>
<status status="PASS" starttime="20220531 01:37:19.134" endtime="20220531 01:37:19.134"/>
</iter>
<iter>
<var name="${key}">products</var>
<kw name="Dictionary Should Contain Key" library="Collections">
<arg>${dict}</arg>
<arg>${key}</arg>
<doc>Fails if ``key`` is not found from ``dictionary``.</doc>
<status status="PASS" starttime="20220531 01:37:19.134" endtime="20220531 01:37:19.134"/>
</kw>
<status status="PASS" starttime="20220531 01:37:19.134" endtime="20220531 01:37:19.134"/>
</iter>
<iter>
<var name="${key}">search_criteria</var>
<kw name="Dictionary Should Contain Key" library="Collections">
<arg>${dict}</arg>
<arg>${key}</arg>
<doc>Fails if ``key`` is not found from ``dictionary``.</doc>
<status status="PASS" starttime="20220531 01:37:19.134" endtime="20220531 01:37:19.135"/>
</kw>
<status status="PASS" starttime="20220531 01:37:19.134" endtime="20220531 01:37:19.135"/>
</iter>
<iter>
<var name="${key}">sorting</var>
<kw name="Dictionary Should Contain Key" library="Collections">
<arg>${dict}</arg>
<arg>${key}</arg>
<doc>Fails if ``key`` is not found from ``dictionary``.</doc>
<status status="PASS" starttime="20220531 01:37:19.135" endtime="20220531 01:37:19.135"/>
</kw>
<status status="PASS" starttime="20220531 01:37:19.135" endtime="20220531 01:37:19.135"/>
</iter>
<iter>
<var name="${key}">total_count</var>
<kw name="Dictionary Should Contain Key" library="Collections">
<arg>${dict}</arg>
<arg>${key}</arg>
<doc>Fails if ``key`` is not found from ``dictionary``.</doc>
<status status="PASS" starttime="20220531 01:37:19.135" endtime="20220531 01:37:19.135"/>
</kw>
<status status="PASS" starttime="20220531 01:37:19.135" endtime="20220531 01:37:19.135"/>
</iter>
<status status="PASS" starttime="20220531 01:37:19.134" endtime="20220531 01:37:19.135"/>
</for>
<status status="PASS" starttime="20220531 01:37:19.114" endtime="20220531 01:37:19.135"/>
</kw>
<kw name="Verify Response Key" library="Common">
<arg>${response.json()["range"]}</arg>
<arg>maxPrice</arg>
<arg>minPrice</arg>
<for flavor="IN">
<var>${key}</var>
<value>@{text}</value>
<iter>
<var name="${key}">maxPrice</var>
<kw name="Dictionary Should Contain Key" library="Collections">
<arg>${dict}</arg>
<arg>${key}</arg>
<doc>Fails if ``key`` is not found from ``dictionary``.</doc>
<status status="PASS" starttime="20220531 01:37:19.158" endtime="20220531 01:37:19.158"/>
</kw>
<status status="PASS" starttime="20220531 01:37:19.158" endtime="20220531 01:37:19.158"/>
</iter>
<iter>
<var name="${key}">minPrice</var>
<kw name="Dictionary Should Contain Key" library="Collections">
<arg>${dict}</arg>
<arg>${key}</arg>
<doc>Fails if ``key`` is not found from ``dictionary``.</doc>
<status status="PASS" starttime="20220531 01:37:19.158" endtime="20220531 01:37:19.158"/>
</kw>
<status status="PASS" starttime="20220531 01:37:19.158" endtime="20220531 01:37:19.158"/>
</iter>
<status status="PASS" starttime="20220531 01:37:19.158" endtime="20220531 01:37:19.158"/>
</for>
<status status="PASS" starttime="20220531 01:37:19.135" endtime="20220531 01:37:19.158"/>
</kw>
<kw name="Run Test Teardown" library="Common" type="TEARDOWN">
<kw name="Close Browser" library="Browser">
<tag>BrowserControl</tag>
<tag>Setter</tag>
<doc>Closes the current browser.</doc>
<msg timestamp="20220531 01:37:19.159" level="INFO">No browser open, doing nothing</msg>
<status status="PASS" starttime="20220531 01:37:19.158" endtime="20220531 01:37:19.159"/>
</kw>
<status status="PASS" starttime="20220531 01:37:19.158" endtime="20220531 01:37:19.159"/>
</kw>
<doc>limit=45,page=1,store_id=3,x_subject_id=kY1lkH4Hl2mgIjHiW94OUM3uiZans9Of,price_range=1,visibility=4</doc>
<status status="PASS" starttime="20220531 01:37:13.984" endtime="20220531 01:37:19.160"/>
</test>
<status status="PASS" starttime="20220531 01:35:59.460" endtime="20220531 01:37:19.161"/>
</suite>
<statistics>
<total>
<stat pass="16" fail="0" skip="0">All Tests</stat>
</total>
<tag>
</tag>
<suite>
<stat pass="16" fail="0" skip="0" id="s1" name="SearchFeature">SearchFeature</stat>
</suite>
</statistics>
<errors>
</errors>
</robot>
